{"/Users/kevinreynolds/Sites/udemy/nodejs-jest/more-recipes/server/index.js": {"path":"/Users/kevinreynolds/Sites/udemy/nodejs-jest/more-recipes/server/index.js","statementMap":{"0":{"start":{"line":15,"column":12},"end":{"line":15,"column":25}},"1":{"start":{"line":19,"column":0},"end":{"line":19,"column":16}},"2":{"start":{"line":20,"column":0},"end":{"line":20,"column":25}},"3":{"start":{"line":23,"column":0},"end":{"line":23,"column":28}},"4":{"start":{"line":25,"column":13},"end":{"line":25,"column":37}},"5":{"start":{"line":26,"column":0},"end":{"line":26,"column":27}},"6":{"start":{"line":27,"column":0},"end":{"line":27,"column":52}},"7":{"start":{"line":29,"column":0},"end":{"line":29,"column":30}},"8":{"start":{"line":30,"column":0},"end":{"line":30,"column":49}},"9":{"start":{"line":31,"column":0},"end":{"line":31,"column":29}},"10":{"start":{"line":32,"column":0},"end":{"line":32,"column":57}},"11":{"start":{"line":33,"column":0},"end":{"line":33,"column":48}},"12":{"start":{"line":33,"column":27},"end":{"line":33,"column":46}},"13":{"start":{"line":35,"column":0},"end":{"line":35,"column":24}},"14":{"start":{"line":37,"column":0},"end":{"line":37,"column":44}},"15":{"start":{"line":38,"column":0},"end":{"line":38,"column":49}},"16":{"start":{"line":39,"column":0},"end":{"line":39,"column":51}},"17":{"start":{"line":40,"column":0},"end":{"line":40,"column":67}},"18":{"start":{"line":41,"column":0},"end":{"line":41,"column":43}},"19":{"start":{"line":41,"column":22},"end":{"line":41,"column":41}},"20":{"start":{"line":44,"column":0},"end":{"line":48,"column":3}},"21":{"start":{"line":45,"column":2},"end":{"line":47,"column":5}},"22":{"start":{"line":46,"column":5},"end":{"line":46,"column":102}}},"fnMap":{"0":{"name":"(anonymous_0)","decl":{"start":{"line":33,"column":13},"end":{"line":33,"column":14}},"loc":{"start":{"line":33,"column":27},"end":{"line":33,"column":46}},"line":33},"1":{"name":"(anonymous_1)","decl":{"start":{"line":41,"column":8},"end":{"line":41,"column":9}},"loc":{"start":{"line":41,"column":22},"end":{"line":41,"column":41}},"line":41},"2":{"name":"(anonymous_2)","decl":{"start":{"line":44,"column":25},"end":{"line":44,"column":26}},"loc":{"start":{"line":44,"column":31},"end":{"line":48,"column":1}},"line":44},"3":{"name":"(anonymous_3)","decl":{"start":{"line":45,"column":19},"end":{"line":45,"column":20}},"loc":{"start":{"line":45,"column":25},"end":{"line":47,"column":3}},"line":45}},"branchMap":{"0":{"loc":{"start":{"line":25,"column":13},"end":{"line":25,"column":37}},"type":"binary-expr","locations":[{"start":{"line":25,"column":13},"end":{"line":25,"column":29}},{"start":{"line":25,"column":33},"end":{"line":25,"column":37}}],"line":25},"1":{"loc":{"start":{"line":46,"column":74},"end":{"line":46,"column":98}},"type":"binary-expr","locations":[{"start":{"line":46,"column":74},"end":{"line":46,"column":90}},{"start":{"line":46,"column":94},"end":{"line":46,"column":98}}],"line":46}},"s":{"0":1,"1":1,"2":1,"3":1,"4":1,"5":1,"6":1,"7":1,"8":1,"9":1,"10":1,"11":1,"12":0,"13":1,"14":1,"15":1,"16":1,"17":1,"18":1,"19":0,"20":1,"21":0,"22":0},"f":{"0":0,"1":0,"2":0,"3":0},"b":{"0":[1,1],"1":[0,0]},"_coverageSchema":"332fd63041d2c1bcb487cc26dd0d5f7d97098a6c","hash":"aeb570b2840e998ee1dd9196dae8a64bd84b9c0d"}
,"/Users/kevinreynolds/Sites/udemy/nodejs-jest/more-recipes/server/config/database.js": {"path":"/Users/kevinreynolds/Sites/udemy/nodejs-jest/more-recipes/server/config/database.js","statementMap":{"0":{"start":{"line":1,"column":13},"end":{"line":1,"column":28}},"1":{"start":{"line":5,"column":15},"end":{"line":23,"column":1}},"2":{"start":{"line":25,"column":0},"end":{"line":25,"column":24}}},"fnMap":{},"branchMap":{},"s":{"0":3,"1":3,"2":3},"f":{},"b":{},"_coverageSchema":"332fd63041d2c1bcb487cc26dd0d5f7d97098a6c","hash":"da37db3ac25f9241ea3d8bf84156e02f938a1a07"}
,"/Users/kevinreynolds/Sites/udemy/nodejs-jest/more-recipes/server/config/index.js": {"path":"/Users/kevinreynolds/Sites/udemy/nodejs-jest/more-recipes/server/config/index.js","statementMap":{"0":{"start":{"line":1,"column":0},"end":{"line":1,"column":27}},"1":{"start":{"line":3,"column":16},"end":{"line":3,"column":38}},"2":{"start":{"line":5,"column":0},"end":{"line":7,"column":1}},"3":{"start":{"line":6,"column":2},"end":{"line":6,"column":23}},"4":{"start":{"line":12,"column":0},"end":{"line":22,"column":2}}},"fnMap":{},"branchMap":{"0":{"loc":{"start":{"line":5,"column":0},"end":{"line":7,"column":1}},"type":"if","locations":[{"start":{"line":5,"column":0},"end":{"line":7,"column":1}},{"start":{"line":5,"column":0},"end":{"line":7,"column":1}}],"line":5}},"s":{"0":3,"1":3,"2":3,"3":3,"4":3},"f":{},"b":{"0":[3,0]},"_coverageSchema":"332fd63041d2c1bcb487cc26dd0d5f7d97098a6c","hash":"53953cadc26b9380a8a13281c15f1a7faca6a4a0"}
,"/Users/kevinreynolds/Sites/udemy/nodejs-jest/more-recipes/server/config/redis.js": {"path":"/Users/kevinreynolds/Sites/udemy/nodejs-jest/more-recipes/server/config/redis.js","statementMap":{"0":{"start":{"line":1,"column":0},"end":{"line":1,"column":27}},"1":{"start":{"line":5,"column":15},"end":{"line":20,"column":1}},"2":{"start":{"line":22,"column":0},"end":{"line":22,"column":24}}},"fnMap":{},"branchMap":{},"s":{"0":1,"1":1,"2":1},"f":{},"b":{},"_coverageSchema":"332fd63041d2c1bcb487cc26dd0d5f7d97098a6c","hash":"0e30a7ca5c7e308b095b6ae3a91338a2f773ae1e"}
,"/Users/kevinreynolds/Sites/udemy/nodejs-jest/more-recipes/server/controllers/authController.js": {"path":"/Users/kevinreynolds/Sites/udemy/nodejs-jest/more-recipes/server/controllers/authController.js","statementMap":{"0":{"start":{"line":24,"column":17},"end":{"line":28,"column":6}},"1":{"start":{"line":29,"column":18},"end":{"line":29,"column":102}},"2":{"start":{"line":32,"column":4},"end":{"line":41,"column":28}},"3":{"start":{"line":43,"column":24},"end":{"line":43,"column":74}},"4":{"start":{"line":45,"column":24},"end":{"line":45,"column":64}},"5":{"start":{"line":46,"column":4},"end":{"line":46,"column":85}},"6":{"start":{"line":58,"column":4},"end":{"line":74,"column":5}},"7":{"start":{"line":59,"column":19},"end":{"line":59,"column":82}},"8":{"start":{"line":60,"column":6},"end":{"line":69,"column":7}},"9":{"start":{"line":61,"column":34},"end":{"line":61,"column":88}},"10":{"start":{"line":62,"column":8},"end":{"line":66,"column":9}},"11":{"start":{"line":63,"column":30},"end":{"line":63,"column":80}},"12":{"start":{"line":64,"column":30},"end":{"line":64,"column":70}},"13":{"start":{"line":65,"column":10},"end":{"line":65,"column":91}},"14":{"start":{"line":68,"column":8},"end":{"line":68,"column":56}},"15":{"start":{"line":71,"column":6},"end":{"line":71,"column":44}},"16":{"start":{"line":73,"column":6},"end":{"line":73,"column":101}}},"fnMap":{"0":{"name":"(anonymous_0)","decl":{"start":{"line":23,"column":2},"end":{"line":23,"column":3}},"loc":{"start":{"line":23,"column":25},"end":{"line":47,"column":3}},"line":23},"1":{"name":"(anonymous_1)","decl":{"start":{"line":57,"column":2},"end":{"line":57,"column":3}},"loc":{"start":{"line":57,"column":25},"end":{"line":75,"column":3}},"line":57}},"branchMap":{"0":{"loc":{"start":{"line":27,"column":53},"end":{"line":27,"column":99}},"type":"cond-expr","locations":[{"start":{"line":27,"column":93},"end":{"line":27,"column":95}},{"start":{"line":27,"column":98},"end":{"line":27,"column":99}}],"line":27},"1":{"loc":{"start":{"line":29,"column":34},"end":{"line":29,"column":101}},"type":"cond-expr","locations":[{"start":{"line":29,"column":74},"end":{"line":29,"column":96}},{"start":{"line":29,"column":99},"end":{"line":29,"column":101}}],"line":29},"2":{"loc":{"start":{"line":60,"column":6},"end":{"line":69,"column":7}},"type":"if","locations":[{"start":{"line":60,"column":6},"end":{"line":69,"column":7}},{"start":{"line":60,"column":6},"end":{"line":69,"column":7}}],"line":60},"3":{"loc":{"start":{"line":62,"column":8},"end":{"line":66,"column":9}},"type":"if","locations":[{"start":{"line":62,"column":8},"end":{"line":66,"column":9}},{"start":{"line":62,"column":8},"end":{"line":66,"column":9}}],"line":62}},"s":{"0":0,"1":0,"2":0,"3":0,"4":0,"5":0,"6":0,"7":0,"8":0,"9":0,"10":0,"11":0,"12":0,"13":0,"14":0,"15":0,"16":0},"f":{"0":0,"1":0},"b":{"0":[0,0],"1":[0,0],"2":[0,0],"3":[0,0]},"_coverageSchema":"332fd63041d2c1bcb487cc26dd0d5f7d97098a6c","hash":"a1a430d10da1d79d5a2939ccc370dbca27c8b826"}
,"/Users/kevinreynolds/Sites/udemy/nodejs-jest/more-recipes/server/controllers/frontEndController.js": {"path":"/Users/kevinreynolds/Sites/udemy/nodejs-jest/more-recipes/server/controllers/frontEndController.js","statementMap":{"0":{"start":{"line":20,"column":24},"end":{"line":20,"column":62}},"1":{"start":{"line":21,"column":33},"end":{"line":21,"column":49}},"2":{"start":{"line":23,"column":26},"end":{"line":30,"column":6}},"3":{"start":{"line":35,"column":4},"end":{"line":38,"column":7}}},"fnMap":{"0":{"name":"(anonymous_0)","decl":{"start":{"line":19,"column":2},"end":{"line":19,"column":3}},"loc":{"start":{"line":19,"column":23},"end":{"line":39,"column":3}},"line":19}},"branchMap":{},"s":{"0":0,"1":0,"2":0,"3":0},"f":{"0":0},"b":{},"_coverageSchema":"332fd63041d2c1bcb487cc26dd0d5f7d97098a6c","hash":"464d597e19715e0aadf3a5aa1f28a3f9d92fc815"}
,"/Users/kevinreynolds/Sites/udemy/nodejs-jest/more-recipes/server/controllers/index.js": {"path":"/Users/kevinreynolds/Sites/udemy/nodejs-jest/more-recipes/server/controllers/index.js","statementMap":{},"fnMap":{},"branchMap":{},"s":{},"f":{},"b":{},"_coverageSchema":"332fd63041d2c1bcb487cc26dd0d5f7d97098a6c","hash":"c8d442139ab6e4b8421a084ea983f17e625de42c"}
,"/Users/kevinreynolds/Sites/udemy/nodejs-jest/more-recipes/server/controllers/recipesController.js": {"path":"/Users/kevinreynolds/Sites/udemy/nodejs-jest/more-recipes/server/controllers/recipesController.js","statementMap":{"0":{"start":{"line":24,"column":8},"end":{"line":24,"column":17}},"1":{"start":{"line":26,"column":24},"end":{"line":33,"column":6}},"2":{"start":{"line":26,"column":40},"end":{"line":33,"column":5}},"3":{"start":{"line":35,"column":4},"end":{"line":39,"column":5}},"4":{"start":{"line":36,"column":26},"end":{"line":36,"column":83}},"5":{"start":{"line":38,"column":6},"end":{"line":38,"column":81}},"6":{"start":{"line":41,"column":4},"end":{"line":45,"column":5}},"7":{"start":{"line":42,"column":26},"end":{"line":42,"column":81}},"8":{"start":{"line":44,"column":6},"end":{"line":44,"column":81}},"9":{"start":{"line":47,"column":20},"end":{"line":54,"column":5}},"10":{"start":{"line":56,"column":4},"end":{"line":62,"column":5}},"11":{"start":{"line":57,"column":6},"end":{"line":61,"column":8}},"12":{"start":{"line":64,"column":4},"end":{"line":68,"column":5}},"13":{"start":{"line":65,"column":6},"end":{"line":67,"column":8}},"14":{"start":{"line":70,"column":24},"end":{"line":70,"column":68}},"15":{"start":{"line":72,"column":4},"end":{"line":72,"column":79}},"16":{"start":{"line":85,"column":19},"end":{"line":85,"column":36}},"17":{"start":{"line":87,"column":4},"end":{"line":87,"column":47}},"18":{"start":{"line":99,"column":20},"end":{"line":99,"column":28}},"19":{"start":{"line":101,"column":24},"end":{"line":105,"column":6}},"20":{"start":{"line":106,"column":29},"end":{"line":106,"column":68}},"21":{"start":{"line":106,"column":55},"end":{"line":106,"column":67}},"22":{"start":{"line":107,"column":4},"end":{"line":109,"column":5}},"23":{"start":{"line":108,"column":6},"end":{"line":108,"column":102}},"24":{"start":{"line":111,"column":26},"end":{"line":119,"column":6}},"25":{"start":{"line":121,"column":19},"end":{"line":126,"column":6}},"26":{"start":{"line":128,"column":4},"end":{"line":128,"column":52}},"27":{"start":{"line":141,"column":19},"end":{"line":141,"column":36}},"28":{"start":{"line":142,"column":20},"end":{"line":142,"column":28}},"29":{"start":{"line":144,"column":4},"end":{"line":151,"column":7}},"30":{"start":{"line":153,"column":26},"end":{"line":158,"column":6}},"31":{"start":{"line":160,"column":26},"end":{"line":160,"column":80}},"32":{"start":{"line":162,"column":23},"end":{"line":168,"column":6}},"33":{"start":{"line":170,"column":31},"end":{"line":173,"column":6}},"34":{"start":{"line":171,"column":23},"end":{"line":171,"column":48}},"35":{"start":{"line":172,"column":6},"end":{"line":172,"column":58}},"36":{"start":{"line":175,"column":18},"end":{"line":175,"column":102}},"37":{"start":{"line":177,"column":4},"end":{"line":186,"column":28}},"38":{"start":{"line":189,"column":4},"end":{"line":189,"column":67}},"39":{"start":{"line":200,"column":40},"end":{"line":200,"column":43}},"40":{"start":{"line":202,"column":4},"end":{"line":204,"column":5}},"41":{"start":{"line":203,"column":6},"end":{"line":203,"column":72}},"42":{"start":{"line":205,"column":4},"end":{"line":205,"column":77}},"43":{"start":{"line":206,"column":20},"end":{"line":206,"column":83}},"44":{"start":{"line":207,"column":4},"end":{"line":207,"column":48}},"45":{"start":{"line":220,"column":4},"end":{"line":220,"column":38}},"46":{"start":{"line":221,"column":4},"end":{"line":221,"column":67}}},"fnMap":{"0":{"name":"(anonymous_0)","decl":{"start":{"line":21,"column":2},"end":{"line":21,"column":3}},"loc":{"start":{"line":21,"column":24},"end":{"line":73,"column":3}},"line":21},"1":{"name":"(anonymous_1)","decl":{"start":{"line":26,"column":24},"end":{"line":26,"column":25}},"loc":{"start":{"line":26,"column":40},"end":{"line":33,"column":5}},"line":26},"2":{"name":"(anonymous_2)","decl":{"start":{"line":84,"column":2},"end":{"line":84,"column":3}},"loc":{"start":{"line":84,"column":23},"end":{"line":88,"column":3}},"line":84},"3":{"name":"(anonymous_3)","decl":{"start":{"line":98,"column":2},"end":{"line":98,"column":3}},"loc":{"start":{"line":98,"column":25},"end":{"line":129,"column":3}},"line":98},"4":{"name":"(anonymous_4)","decl":{"start":{"line":106,"column":45},"end":{"line":106,"column":46}},"loc":{"start":{"line":106,"column":55},"end":{"line":106,"column":67}},"line":106},"5":{"name":"(anonymous_5)","decl":{"start":{"line":140,"column":2},"end":{"line":140,"column":3}},"loc":{"start":{"line":140,"column":25},"end":{"line":190,"column":3}},"line":140},"6":{"name":"(anonymous_6)","decl":{"start":{"line":170,"column":49},"end":{"line":170,"column":50}},"loc":{"start":{"line":170,"column":59},"end":{"line":173,"column":5}},"line":170},"7":{"name":"(anonymous_7)","decl":{"start":{"line":199,"column":2},"end":{"line":199,"column":3}},"loc":{"start":{"line":199,"column":23},"end":{"line":208,"column":3}},"line":199},"8":{"name":"(anonymous_8)","decl":{"start":{"line":219,"column":2},"end":{"line":219,"column":3}},"loc":{"start":{"line":219,"column":26},"end":{"line":222,"column":3}},"line":219}},"branchMap":{"0":{"loc":{"start":{"line":28,"column":21},"end":{"line":28,"column":38}},"type":"binary-expr","locations":[{"start":{"line":28,"column":21},"end":{"line":28,"column":33}},{"start":{"line":28,"column":37},"end":{"line":28,"column":38}}],"line":28},"1":{"loc":{"start":{"line":30,"column":50},"end":{"line":30,"column":62}},"type":"binary-expr","locations":[{"start":{"line":30,"column":50},"end":{"line":30,"column":57}},{"start":{"line":30,"column":61},"end":{"line":30,"column":62}}],"line":30},"2":{"loc":{"start":{"line":35,"column":4},"end":{"line":39,"column":5}},"type":"if","locations":[{"start":{"line":35,"column":4},"end":{"line":39,"column":5}},{"start":{"line":35,"column":4},"end":{"line":39,"column":5}}],"line":35},"3":{"loc":{"start":{"line":35,"column":8},"end":{"line":35,"column":42}},"type":"binary-expr","locations":[{"start":{"line":35,"column":8},"end":{"line":35,"column":32}},{"start":{"line":35,"column":36},"end":{"line":35,"column":42}}],"line":35},"4":{"loc":{"start":{"line":36,"column":59},"end":{"line":36,"column":68}},"type":"binary-expr","locations":[{"start":{"line":36,"column":59},"end":{"line":36,"column":63}},{"start":{"line":36,"column":67},"end":{"line":36,"column":68}}],"line":36},"5":{"loc":{"start":{"line":36,"column":70},"end":{"line":36,"column":82}},"type":"binary-expr","locations":[{"start":{"line":36,"column":70},"end":{"line":36,"column":77}},{"start":{"line":36,"column":81},"end":{"line":36,"column":82}}],"line":36},"6":{"loc":{"start":{"line":41,"column":4},"end":{"line":45,"column":5}},"type":"if","locations":[{"start":{"line":41,"column":4},"end":{"line":45,"column":5}},{"start":{"line":41,"column":4},"end":{"line":45,"column":5}}],"line":41},"7":{"loc":{"start":{"line":41,"column":8},"end":{"line":41,"column":40}},"type":"binary-expr","locations":[{"start":{"line":41,"column":8},"end":{"line":41,"column":30}},{"start":{"line":41,"column":34},"end":{"line":41,"column":40}}],"line":41},"8":{"loc":{"start":{"line":42,"column":57},"end":{"line":42,"column":66}},"type":"binary-expr","locations":[{"start":{"line":42,"column":57},"end":{"line":42,"column":61}},{"start":{"line":42,"column":65},"end":{"line":42,"column":66}}],"line":42},"9":{"loc":{"start":{"line":42,"column":68},"end":{"line":42,"column":80}},"type":"binary-expr","locations":[{"start":{"line":42,"column":68},"end":{"line":42,"column":75}},{"start":{"line":42,"column":79},"end":{"line":42,"column":80}}],"line":42},"10":{"loc":{"start":{"line":52,"column":13},"end":{"line":52,"column":25}},"type":"binary-expr","locations":[{"start":{"line":52,"column":13},"end":{"line":52,"column":20}},{"start":{"line":52,"column":24},"end":{"line":52,"column":25}}],"line":52},"11":{"loc":{"start":{"line":53,"column":15},"end":{"line":53,"column":27}},"type":"binary-expr","locations":[{"start":{"line":53,"column":15},"end":{"line":53,"column":22}},{"start":{"line":53,"column":26},"end":{"line":53,"column":27}}],"line":53},"12":{"loc":{"start":{"line":53,"column":33},"end":{"line":53,"column":42}},"type":"binary-expr","locations":[{"start":{"line":53,"column":33},"end":{"line":53,"column":37}},{"start":{"line":53,"column":41},"end":{"line":53,"column":42}}],"line":53},"13":{"loc":{"start":{"line":56,"column":4},"end":{"line":62,"column":5}},"type":"if","locations":[{"start":{"line":56,"column":4},"end":{"line":62,"column":5}},{"start":{"line":56,"column":4},"end":{"line":62,"column":5}}],"line":56},"14":{"loc":{"start":{"line":64,"column":4},"end":{"line":68,"column":5}},"type":"if","locations":[{"start":{"line":64,"column":4},"end":{"line":68,"column":5}},{"start":{"line":64,"column":4},"end":{"line":68,"column":5}}],"line":64},"15":{"loc":{"start":{"line":107,"column":4},"end":{"line":109,"column":5}},"type":"if","locations":[{"start":{"line":107,"column":4},"end":{"line":109,"column":5}},{"start":{"line":107,"column":4},"end":{"line":109,"column":5}}],"line":107},"16":{"loc":{"start":{"line":145,"column":13},"end":{"line":145,"column":42}},"type":"binary-expr","locations":[{"start":{"line":145,"column":13},"end":{"line":145,"column":26}},{"start":{"line":145,"column":30},"end":{"line":145,"column":42}}],"line":145},"17":{"loc":{"start":{"line":146,"column":19},"end":{"line":146,"column":60}},"type":"binary-expr","locations":[{"start":{"line":146,"column":19},"end":{"line":146,"column":38}},{"start":{"line":146,"column":42},"end":{"line":146,"column":60}}],"line":146},"18":{"loc":{"start":{"line":147,"column":16},"end":{"line":147,"column":51}},"type":"binary-expr","locations":[{"start":{"line":147,"column":16},"end":{"line":147,"column":32}},{"start":{"line":147,"column":36},"end":{"line":147,"column":51}}],"line":147},"19":{"loc":{"start":{"line":148,"column":18},"end":{"line":148,"column":57}},"type":"binary-expr","locations":[{"start":{"line":148,"column":18},"end":{"line":148,"column":36}},{"start":{"line":148,"column":40},"end":{"line":148,"column":57}}],"line":148},"20":{"loc":{"start":{"line":149,"column":19},"end":{"line":149,"column":60}},"type":"binary-expr","locations":[{"start":{"line":149,"column":19},"end":{"line":149,"column":38}},{"start":{"line":149,"column":42},"end":{"line":149,"column":60}}],"line":149},"21":{"loc":{"start":{"line":150,"column":17},"end":{"line":150,"column":54}},"type":"binary-expr","locations":[{"start":{"line":150,"column":17},"end":{"line":150,"column":34}},{"start":{"line":150,"column":38},"end":{"line":150,"column":54}}],"line":150},"22":{"loc":{"start":{"line":175,"column":34},"end":{"line":175,"column":101}},"type":"cond-expr","locations":[{"start":{"line":175,"column":74},"end":{"line":175,"column":96}},{"start":{"line":175,"column":99},"end":{"line":175,"column":101}}],"line":175},"23":{"loc":{"start":{"line":202,"column":4},"end":{"line":204,"column":5}},"type":"if","locations":[{"start":{"line":202,"column":4},"end":{"line":204,"column":5}},{"start":{"line":202,"column":4},"end":{"line":204,"column":5}}],"line":202}},"s":{"0":1,"1":1,"2":1,"3":1,"4":0,"5":0,"6":1,"7":0,"8":0,"9":1,"10":1,"11":0,"12":1,"13":0,"14":1,"15":1,"16":0,"17":0,"18":0,"19":0,"20":0,"21":0,"22":0,"23":0,"24":0,"25":0,"26":0,"27":0,"28":0,"29":0,"30":0,"31":0,"32":0,"33":0,"34":0,"35":0,"36":0,"37":0,"38":0,"39":0,"40":0,"41":0,"42":0,"43":0,"44":0,"45":0,"46":0},"f":{"0":1,"1":1,"2":0,"3":0,"4":0,"5":0,"6":0,"7":0,"8":0},"b":{"0":[1,1],"1":[1,1],"2":[0,1],"3":[1,0],"4":[0,0],"5":[0,0],"6":[0,1],"7":[1,0],"8":[0,0],"9":[0,0],"10":[1,1],"11":[1,1],"12":[1,1],"13":[0,1],"14":[0,1],"15":[0,0],"16":[0,0],"17":[0,0],"18":[0,0],"19":[0,0],"20":[0,0],"21":[0,0],"22":[0,0],"23":[0,0]},"_coverageSchema":"332fd63041d2c1bcb487cc26dd0d5f7d97098a6c","hash":"ff8ae8362e90722bd3fd6ecf7d82fdb04875d0b4"}
,"/Users/kevinreynolds/Sites/udemy/nodejs-jest/more-recipes/server/controllers/reviewsController.js": {"path":"/Users/kevinreynolds/Sites/udemy/nodejs-jest/more-recipes/server/controllers/reviewsController.js","statementMap":{"0":{"start":{"line":22,"column":19},"end":{"line":22,"column":36}},"1":{"start":{"line":24,"column":20},"end":{"line":26,"column":6}},"2":{"start":{"line":28,"column":4},"end":{"line":28,"column":48}},"3":{"start":{"line":41,"column":40},"end":{"line":41,"column":43}},"4":{"start":{"line":42,"column":17},"end":{"line":42,"column":35}},"5":{"start":{"line":44,"column":26},"end":{"line":48,"column":6}},"6":{"start":{"line":50,"column":19},"end":{"line":52,"column":6}},"7":{"start":{"line":54,"column":34},"end":{"line":54,"column":59}},"8":{"start":{"line":55,"column":4},"end":{"line":77,"column":5}},"9":{"start":{"line":57,"column":20},"end":{"line":57,"column":146}},"10":{"start":{"line":60,"column":6},"end":{"line":76,"column":30}},"11":{"start":{"line":79,"column":4},"end":{"line":79,"column":47}}},"fnMap":{"0":{"name":"(anonymous_0)","decl":{"start":{"line":21,"column":2},"end":{"line":21,"column":3}},"loc":{"start":{"line":21,"column":24},"end":{"line":29,"column":3}},"line":21},"1":{"name":"(anonymous_1)","decl":{"start":{"line":40,"column":2},"end":{"line":40,"column":3}},"loc":{"start":{"line":40,"column":25},"end":{"line":80,"column":3}},"line":40}},"branchMap":{"0":{"loc":{"start":{"line":55,"column":4},"end":{"line":77,"column":5}},"type":"if","locations":[{"start":{"line":55,"column":4},"end":{"line":77,"column":5}},{"start":{"line":55,"column":4},"end":{"line":77,"column":5}}],"line":55},"1":{"loc":{"start":{"line":57,"column":36},"end":{"line":57,"column":145}},"type":"cond-expr","locations":[{"start":{"line":57,"column":76},"end":{"line":57,"column":98}},{"start":{"line":57,"column":101},"end":{"line":57,"column":145}}],"line":57}},"s":{"0":0,"1":0,"2":0,"3":0,"4":0,"5":0,"6":0,"7":0,"8":0,"9":0,"10":0,"11":0},"f":{"0":0,"1":0},"b":{"0":[0,0],"1":[0,0]},"_coverageSchema":"332fd63041d2c1bcb487cc26dd0d5f7d97098a6c","hash":"d1bb6d85ebe358016f85195032677c17d396e551"}
,"/Users/kevinreynolds/Sites/udemy/nodejs-jest/more-recipes/server/controllers/settingsController.js": {"path":"/Users/kevinreynolds/Sites/udemy/nodejs-jest/more-recipes/server/controllers/settingsController.js","statementMap":{"0":{"start":{"line":14,"column":24},"end":{"line":14,"column":75}},"1":{"start":{"line":15,"column":4},"end":{"line":15,"column":62}}},"fnMap":{"0":{"name":"(anonymous_0)","decl":{"start":{"line":13,"column":2},"end":{"line":13,"column":3}},"loc":{"start":{"line":13,"column":37},"end":{"line":16,"column":3}},"line":13}},"branchMap":{},"s":{"0":0,"1":0},"f":{"0":0},"b":{},"_coverageSchema":"332fd63041d2c1bcb487cc26dd0d5f7d97098a6c","hash":"20cff42af8c8d9f2856fa8807530e6728c19fbee"}
,"/Users/kevinreynolds/Sites/udemy/nodejs-jest/more-recipes/server/controllers/usersController.js": {"path":"/Users/kevinreynolds/Sites/udemy/nodejs-jest/more-recipes/server/controllers/usersController.js","statementMap":{"0":{"start":{"line":19,"column":19},"end":{"line":19,"column":66}},"1":{"start":{"line":21,"column":4},"end":{"line":26,"column":5}},"2":{"start":{"line":21,"column":47},"end":{"line":21,"column":71}},"3":{"start":{"line":22,"column":6},"end":{"line":22,"column":72}},"4":{"start":{"line":23,"column":6},"end":{"line":23,"column":74}},"5":{"start":{"line":25,"column":6},"end":{"line":25,"column":84}},"6":{"start":{"line":28,"column":4},"end":{"line":28,"column":70}},"7":{"start":{"line":29,"column":4},"end":{"line":29,"column":72}},"8":{"start":{"line":30,"column":4},"end":{"line":30,"column":69}},"9":{"start":{"line":43,"column":25},"end":{"line":43,"column":83}},"10":{"start":{"line":45,"column":22},"end":{"line":55,"column":6}},"11":{"start":{"line":57,"column":4},"end":{"line":60,"column":7}},"12":{"start":{"line":58,"column":28},"end":{"line":58,"column":66}},"13":{"start":{"line":59,"column":6},"end":{"line":59,"column":27}},"14":{"start":{"line":62,"column":4},"end":{"line":62,"column":50}},"15":{"start":{"line":74,"column":17},"end":{"line":74,"column":58}},"16":{"start":{"line":76,"column":4},"end":{"line":78,"column":5}},"17":{"start":{"line":77,"column":6},"end":{"line":77,"column":74}},"18":{"start":{"line":79,"column":24},"end":{"line":79,"column":64}},"19":{"start":{"line":80,"column":4},"end":{"line":80,"column":58}},"20":{"start":{"line":92,"column":38},"end":{"line":92,"column":46}},"21":{"start":{"line":93,"column":4},"end":{"line":95,"column":5}},"22":{"start":{"line":94,"column":6},"end":{"line":94,"column":58}},"23":{"start":{"line":96,"column":17},"end":{"line":98,"column":6}},"24":{"start":{"line":99,"column":24},"end":{"line":99,"column":64}},"25":{"start":{"line":100,"column":4},"end":{"line":100,"column":58}},"26":{"start":{"line":112,"column":4},"end":{"line":126,"column":5}},"27":{"start":{"line":113,"column":19},"end":{"line":113,"column":60}},"28":{"start":{"line":115,"column":6},"end":{"line":117,"column":7}},"29":{"start":{"line":116,"column":8},"end":{"line":116,"column":76}},"30":{"start":{"line":119,"column":22},"end":{"line":121,"column":8}},"31":{"start":{"line":123,"column":6},"end":{"line":123,"column":56}},"32":{"start":{"line":125,"column":6},"end":{"line":125,"column":74}}},"fnMap":{"0":{"name":"(anonymous_0)","decl":{"start":{"line":18,"column":2},"end":{"line":18,"column":3}},"loc":{"start":{"line":18,"column":27},"end":{"line":31,"column":3}},"line":18},"1":{"name":"(anonymous_1)","decl":{"start":{"line":21,"column":39},"end":{"line":21,"column":40}},"loc":{"start":{"line":21,"column":47},"end":{"line":21,"column":71}},"line":21},"2":{"name":"(anonymous_2)","decl":{"start":{"line":42,"column":2},"end":{"line":42,"column":3}},"loc":{"start":{"line":42,"column":31},"end":{"line":63,"column":3}},"line":42},"3":{"name":"(anonymous_3)","decl":{"start":{"line":57,"column":18},"end":{"line":57,"column":19}},"loc":{"start":{"line":57,"column":38},"end":{"line":60,"column":5}},"line":57},"4":{"name":"(anonymous_4)","decl":{"start":{"line":73,"column":2},"end":{"line":73,"column":3}},"loc":{"start":{"line":73,"column":26},"end":{"line":81,"column":3}},"line":73},"5":{"name":"(anonymous_5)","decl":{"start":{"line":91,"column":2},"end":{"line":91,"column":3}},"loc":{"start":{"line":91,"column":32},"end":{"line":101,"column":3}},"line":91},"6":{"name":"(anonymous_6)","decl":{"start":{"line":111,"column":2},"end":{"line":111,"column":3}},"loc":{"start":{"line":111,"column":29},"end":{"line":127,"column":3}},"line":111}},"branchMap":{"0":{"loc":{"start":{"line":21,"column":4},"end":{"line":26,"column":5}},"type":"if","locations":[{"start":{"line":21,"column":4},"end":{"line":26,"column":5}},{"start":{"line":21,"column":4},"end":{"line":26,"column":5}}],"line":21},"1":{"loc":{"start":{"line":76,"column":4},"end":{"line":78,"column":5}},"type":"if","locations":[{"start":{"line":76,"column":4},"end":{"line":78,"column":5}},{"start":{"line":76,"column":4},"end":{"line":78,"column":5}}],"line":76},"2":{"loc":{"start":{"line":93,"column":4},"end":{"line":95,"column":5}},"type":"if","locations":[{"start":{"line":93,"column":4},"end":{"line":95,"column":5}},{"start":{"line":93,"column":4},"end":{"line":95,"column":5}}],"line":93},"3":{"loc":{"start":{"line":115,"column":6},"end":{"line":117,"column":7}},"type":"if","locations":[{"start":{"line":115,"column":6},"end":{"line":117,"column":7}},{"start":{"line":115,"column":6},"end":{"line":117,"column":7}}],"line":115}},"s":{"0":0,"1":0,"2":0,"3":0,"4":0,"5":0,"6":0,"7":0,"8":0,"9":0,"10":0,"11":0,"12":0,"13":0,"14":0,"15":0,"16":0,"17":0,"18":0,"19":0,"20":0,"21":0,"22":0,"23":0,"24":0,"25":0,"26":0,"27":0,"28":0,"29":0,"30":0,"31":0,"32":0},"f":{"0":0,"1":0,"2":0,"3":0,"4":0,"5":0,"6":0},"b":{"0":[0,0],"1":[0,0],"2":[0,0],"3":[0,0]},"_coverageSchema":"332fd63041d2c1bcb487cc26dd0d5f7d97098a6c","hash":"06a32a0c6d04db6358877745f9e03c995d40b53a"}
,"/Users/kevinreynolds/Sites/udemy/nodejs-jest/more-recipes/server/controllers/votesController.js": {"path":"/Users/kevinreynolds/Sites/udemy/nodejs-jest/more-recipes/server/controllers/votesController.js","statementMap":{"0":{"start":{"line":18,"column":19},"end":{"line":18,"column":62}},"1":{"start":{"line":20,"column":4},"end":{"line":22,"column":5}},"2":{"start":{"line":21,"column":6},"end":{"line":21,"column":71}},"3":{"start":{"line":24,"column":28},"end":{"line":24,"column":80}},"4":{"start":{"line":25,"column":30},"end":{"line":25,"column":84}},"5":{"start":{"line":27,"column":21},"end":{"line":33,"column":6}},"6":{"start":{"line":35,"column":23},"end":{"line":41,"column":6}},"7":{"start":{"line":43,"column":4},"end":{"line":43,"column":61}},"8":{"start":{"line":56,"column":19},"end":{"line":56,"column":66}},"9":{"start":{"line":58,"column":4},"end":{"line":61,"column":5}},"10":{"start":{"line":58,"column":45},"end":{"line":58,"column":69}},"11":{"start":{"line":59,"column":6},"end":{"line":59,"column":72}},"12":{"start":{"line":60,"column":6},"end":{"line":60,"column":89}},"13":{"start":{"line":63,"column":4},"end":{"line":63,"column":70}},"14":{"start":{"line":64,"column":4},"end":{"line":64,"column":80}},"15":{"start":{"line":76,"column":19},"end":{"line":76,"column":66}},"16":{"start":{"line":78,"column":4},"end":{"line":81,"column":5}},"17":{"start":{"line":78,"column":47},"end":{"line":78,"column":71}},"18":{"start":{"line":79,"column":6},"end":{"line":79,"column":74}},"19":{"start":{"line":80,"column":6},"end":{"line":80,"column":91}},"20":{"start":{"line":83,"column":4},"end":{"line":83,"column":72}},"21":{"start":{"line":84,"column":4},"end":{"line":84,"column":82}}},"fnMap":{"0":{"name":"(anonymous_0)","decl":{"start":{"line":17,"column":2},"end":{"line":17,"column":3}},"loc":{"start":{"line":17,"column":28},"end":{"line":44,"column":3}},"line":17},"1":{"name":"(anonymous_1)","decl":{"start":{"line":55,"column":2},"end":{"line":55,"column":3}},"loc":{"start":{"line":55,"column":25},"end":{"line":65,"column":3}},"line":55},"2":{"name":"(anonymous_2)","decl":{"start":{"line":58,"column":37},"end":{"line":58,"column":38}},"loc":{"start":{"line":58,"column":45},"end":{"line":58,"column":69}},"line":58},"3":{"name":"(anonymous_3)","decl":{"start":{"line":75,"column":2},"end":{"line":75,"column":3}},"loc":{"start":{"line":75,"column":27},"end":{"line":85,"column":3}},"line":75},"4":{"name":"(anonymous_4)","decl":{"start":{"line":78,"column":39},"end":{"line":78,"column":40}},"loc":{"start":{"line":78,"column":47},"end":{"line":78,"column":71}},"line":78}},"branchMap":{"0":{"loc":{"start":{"line":20,"column":4},"end":{"line":22,"column":5}},"type":"if","locations":[{"start":{"line":20,"column":4},"end":{"line":22,"column":5}},{"start":{"line":20,"column":4},"end":{"line":22,"column":5}}],"line":20},"1":{"loc":{"start":{"line":58,"column":4},"end":{"line":61,"column":5}},"type":"if","locations":[{"start":{"line":58,"column":4},"end":{"line":61,"column":5}},{"start":{"line":58,"column":4},"end":{"line":61,"column":5}}],"line":58},"2":{"loc":{"start":{"line":78,"column":4},"end":{"line":81,"column":5}},"type":"if","locations":[{"start":{"line":78,"column":4},"end":{"line":81,"column":5}},{"start":{"line":78,"column":4},"end":{"line":81,"column":5}}],"line":78}},"s":{"0":0,"1":0,"2":0,"3":0,"4":0,"5":0,"6":0,"7":0,"8":0,"9":0,"10":0,"11":0,"12":0,"13":0,"14":0,"15":0,"16":0,"17":0,"18":0,"19":0,"20":0,"21":0},"f":{"0":0,"1":0,"2":0,"3":0,"4":0},"b":{"0":[0,0],"1":[0,0],"2":[0,0]},"_coverageSchema":"332fd63041d2c1bcb487cc26dd0d5f7d97098a6c","hash":"81b015d3c777c4fdde1adc4f4f4e6e27a49d2f4f"}
,"/Users/kevinreynolds/Sites/udemy/nodejs-jest/more-recipes/server/database/models/index.js": {"path":"/Users/kevinreynolds/Sites/udemy/nodejs-jest/more-recipes/server/database/models/index.js","statementMap":{"0":{"start":{"line":1,"column":0},"end":{"line":1,"column":27}},"1":{"start":{"line":3,"column":11},"end":{"line":3,"column":24}},"2":{"start":{"line":4,"column":13},"end":{"line":4,"column":28}},"3":{"start":{"line":5,"column":18},"end":{"line":5,"column":38}},"4":{"start":{"line":7,"column":17},"end":{"line":7,"column":42}},"5":{"start":{"line":8,"column":12},"end":{"line":8,"column":49}},"6":{"start":{"line":9,"column":15},"end":{"line":9,"column":57}},"7":{"start":{"line":11,"column":11},"end":{"line":11,"column":13}},"8":{"start":{"line":13,"column":0},"end":{"line":17,"column":1}},"9":{"start":{"line":14,"column":2},"end":{"line":14,"column":51}},"10":{"start":{"line":16,"column":2},"end":{"line":16,"column":87}},"11":{"start":{"line":20,"column":0},"end":{"line":26,"column":5}},"12":{"start":{"line":22,"column":18},"end":{"line":22,"column":96}},"13":{"start":{"line":24,"column":18},"end":{"line":24,"column":62}},"14":{"start":{"line":25,"column":4},"end":{"line":25,"column":27}},"15":{"start":{"line":28,"column":0},"end":{"line":32,"column":3}},"16":{"start":{"line":29,"column":2},"end":{"line":31,"column":3}},"17":{"start":{"line":30,"column":4},"end":{"line":30,"column":32}},"18":{"start":{"line":34,"column":0},"end":{"line":34,"column":25}},"19":{"start":{"line":35,"column":0},"end":{"line":35,"column":25}},"20":{"start":{"line":37,"column":0},"end":{"line":37,"column":20}}},"fnMap":{"0":{"name":"(anonymous_0)","decl":{"start":{"line":22,"column":10},"end":{"line":22,"column":11}},"loc":{"start":{"line":22,"column":18},"end":{"line":22,"column":96}},"line":22},"1":{"name":"(anonymous_1)","decl":{"start":{"line":23,"column":11},"end":{"line":23,"column":12}},"loc":{"start":{"line":23,"column":21},"end":{"line":26,"column":3}},"line":23},"2":{"name":"(anonymous_2)","decl":{"start":{"line":28,"column":24},"end":{"line":28,"column":25}},"loc":{"start":{"line":28,"column":39},"end":{"line":32,"column":1}},"line":28}},"branchMap":{"0":{"loc":{"start":{"line":8,"column":12},"end":{"line":8,"column":49}},"type":"binary-expr","locations":[{"start":{"line":8,"column":12},"end":{"line":8,"column":32}},{"start":{"line":8,"column":36},"end":{"line":8,"column":49}}],"line":8},"1":{"loc":{"start":{"line":13,"column":0},"end":{"line":17,"column":1}},"type":"if","locations":[{"start":{"line":13,"column":0},"end":{"line":17,"column":1}},{"start":{"line":13,"column":0},"end":{"line":17,"column":1}}],"line":13},"2":{"loc":{"start":{"line":22,"column":18},"end":{"line":22,"column":96}},"type":"binary-expr","locations":[{"start":{"line":22,"column":19},"end":{"line":22,"column":42}},{"start":{"line":22,"column":48},"end":{"line":22,"column":65}},{"start":{"line":22,"column":71},"end":{"line":22,"column":95}}],"line":22},"3":{"loc":{"start":{"line":29,"column":2},"end":{"line":31,"column":3}},"type":"if","locations":[{"start":{"line":29,"column":2},"end":{"line":31,"column":3}},{"start":{"line":29,"column":2},"end":{"line":31,"column":3}}],"line":29}},"s":{"0":3,"1":3,"2":3,"3":3,"4":3,"5":3,"6":3,"7":3,"8":3,"9":0,"10":3,"11":3,"12":12,"13":9,"14":9,"15":3,"16":9,"17":9,"18":3,"19":3,"20":3},"f":{"0":12,"1":9,"2":9},"b":{"0":[3,0],"1":[0,3],"2":[12,12,9],"3":[9,0]},"_coverageSchema":"332fd63041d2c1bcb487cc26dd0d5f7d97098a6c","hash":"654ee8f5dbdd37a275a8da2c96c18674e512abd3"}
,"/Users/kevinreynolds/Sites/udemy/nodejs-jest/more-recipes/server/database/models/recipe.js": {"path":"/Users/kevinreynolds/Sites/udemy/nodejs-jest/more-recipes/server/database/models/recipe.js","statementMap":{"0":{"start":{"line":3,"column":0},"end":{"line":46,"column":2}},"1":{"start":{"line":4,"column":17},"end":{"line":24,"column":4}},"2":{"start":{"line":26,"column":2},"end":{"line":34,"column":4}},"3":{"start":{"line":27,"column":4},"end":{"line":30,"column":7}},"4":{"start":{"line":31,"column":4},"end":{"line":33,"column":7}},"5":{"start":{"line":36,"column":2},"end":{"line":43,"column":5}},"6":{"start":{"line":37,"column":4},"end":{"line":42,"column":5}},"7":{"start":{"line":38,"column":6},"end":{"line":39,"column":80}},"8":{"start":{"line":39,"column":38},"end":{"line":39,"column":77}},"9":{"start":{"line":41,"column":6},"end":{"line":41,"column":45}},"10":{"start":{"line":45,"column":2},"end":{"line":45,"column":16}}},"fnMap":{"0":{"name":"(anonymous_0)","decl":{"start":{"line":3,"column":17},"end":{"line":3,"column":18}},"loc":{"start":{"line":3,"column":43},"end":{"line":46,"column":1}},"line":3},"1":{"name":"(anonymous_1)","decl":{"start":{"line":26,"column":21},"end":{"line":26,"column":22}},"loc":{"start":{"line":26,"column":33},"end":{"line":34,"column":3}},"line":26},"2":{"name":"(anonymous_2)","decl":{"start":{"line":36,"column":30},"end":{"line":36,"column":31}},"loc":{"start":{"line":36,"column":49},"end":{"line":43,"column":3}},"line":36},"3":{"name":"(anonymous_3)","decl":{"start":{"line":39,"column":13},"end":{"line":39,"column":14}},"loc":{"start":{"line":39,"column":38},"end":{"line":39,"column":77}},"line":39}},"branchMap":{"0":{"loc":{"start":{"line":37,"column":4},"end":{"line":42,"column":5}},"type":"if","locations":[{"start":{"line":37,"column":4},"end":{"line":42,"column":5}},{"start":{"line":37,"column":4},"end":{"line":42,"column":5}}],"line":37}},"s":{"0":3,"1":3,"2":3,"3":3,"4":3,"5":3,"6":1,"7":1,"8":0,"9":0,"10":3},"f":{"0":3,"1":3,"2":1,"3":0},"b":{"0":[1,0]},"_coverageSchema":"332fd63041d2c1bcb487cc26dd0d5f7d97098a6c","hash":"4869ce4d8295cfd77a6238e0658703170fba02cd"}
,"/Users/kevinreynolds/Sites/udemy/nodejs-jest/more-recipes/server/database/models/review.js": {"path":"/Users/kevinreynolds/Sites/udemy/nodejs-jest/more-recipes/server/database/models/review.js","statementMap":{"0":{"start":{"line":1,"column":0},"end":{"line":39,"column":2}},"1":{"start":{"line":2,"column":17},"end":{"line":26,"column":4}},"2":{"start":{"line":28,"column":2},"end":{"line":36,"column":4}},"3":{"start":{"line":29,"column":4},"end":{"line":32,"column":7}},"4":{"start":{"line":33,"column":4},"end":{"line":35,"column":7}},"5":{"start":{"line":38,"column":2},"end":{"line":38,"column":16}}},"fnMap":{"0":{"name":"(anonymous_0)","decl":{"start":{"line":1,"column":17},"end":{"line":1,"column":18}},"loc":{"start":{"line":1,"column":43},"end":{"line":39,"column":1}},"line":1},"1":{"name":"(anonymous_1)","decl":{"start":{"line":28,"column":21},"end":{"line":28,"column":22}},"loc":{"start":{"line":28,"column":33},"end":{"line":36,"column":3}},"line":28}},"branchMap":{},"s":{"0":3,"1":3,"2":3,"3":3,"4":3,"5":3},"f":{"0":3,"1":3},"b":{},"_coverageSchema":"332fd63041d2c1bcb487cc26dd0d5f7d97098a6c","hash":"2ef7f685b9d745f0edc5c2d86cf15a1c2de79156"}
,"/Users/kevinreynolds/Sites/udemy/nodejs-jest/more-recipes/server/database/models/user.js": {"path":"/Users/kevinreynolds/Sites/udemy/nodejs-jest/more-recipes/server/database/models/user.js","statementMap":{"0":{"start":{"line":1,"column":28},"end":{"line":4,"column":2}},"1":{"start":{"line":7,"column":0},"end":{"line":48,"column":2}},"2":{"start":{"line":8,"column":15},"end":{"line":36,"column":4}},"3":{"start":{"line":38,"column":2},"end":{"line":45,"column":4}},"4":{"start":{"line":39,"column":4},"end":{"line":41,"column":7}},"5":{"start":{"line":42,"column":4},"end":{"line":44,"column":7}},"6":{"start":{"line":47,"column":2},"end":{"line":47,"column":14}}},"fnMap":{"0":{"name":"(anonymous_0)","decl":{"start":{"line":7,"column":17},"end":{"line":7,"column":18}},"loc":{"start":{"line":7,"column":43},"end":{"line":48,"column":1}},"line":7},"1":{"name":"(anonymous_1)","decl":{"start":{"line":38,"column":19},"end":{"line":38,"column":20}},"loc":{"start":{"line":38,"column":31},"end":{"line":45,"column":3}},"line":38}},"branchMap":{},"s":{"0":3,"1":3,"2":3,"3":3,"4":3,"5":3,"6":3},"f":{"0":3,"1":3},"b":{},"_coverageSchema":"332fd63041d2c1bcb487cc26dd0d5f7d97098a6c","hash":"62e549e7e914eb59562ccd97e2cbd6a429554352"}
,"/Users/kevinreynolds/Sites/udemy/nodejs-jest/more-recipes/server/filters/mostFavorited.js": {"path":"/Users/kevinreynolds/Sites/udemy/nodejs-jest/more-recipes/server/filters/mostFavorited.js","statementMap":{"0":{"start":{"line":4,"column":35},"end":{"line":40,"column":1}},"1":{"start":{"line":5,"column":29},"end":{"line":5,"column":68}},"2":{"start":{"line":7,"column":2},"end":{"line":7,"column":17}},"3":{"start":{"line":8,"column":2},"end":{"line":8,"column":56}},"4":{"start":{"line":8,"column":35},"end":{"line":8,"column":54}},"5":{"start":{"line":10,"column":35},"end":{"line":10,"column":54}},"6":{"start":{"line":11,"column":35},"end":{"line":11,"column":37}},"7":{"start":{"line":13,"column":2},"end":{"line":16,"column":3}},"8":{"start":{"line":14,"column":21},"end":{"line":14,"column":71}},"9":{"start":{"line":15,"column":4},"end":{"line":15,"column":80}},"10":{"start":{"line":18,"column":26},"end":{"line":19,"column":78}},"11":{"start":{"line":19,"column":20},"end":{"line":19,"column":77}},"12":{"start":{"line":21,"column":31},"end":{"line":31,"column":4}},"13":{"start":{"line":33,"column":2},"end":{"line":34,"column":85}},"14":{"start":{"line":34,"column":22},"end":{"line":34,"column":83}},"15":{"start":{"line":36,"column":2},"end":{"line":39,"column":4}}},"fnMap":{"0":{"name":"(anonymous_0)","decl":{"start":{"line":4,"column":35},"end":{"line":4,"column":36}},"loc":{"start":{"line":4,"column":60},"end":{"line":40,"column":1}},"line":4},"1":{"name":"(anonymous_1)","decl":{"start":{"line":8,"column":29},"end":{"line":8,"column":30}},"loc":{"start":{"line":8,"column":35},"end":{"line":8,"column":54}},"line":8},"2":{"name":"(anonymous_2)","decl":{"start":{"line":19,"column":10},"end":{"line":19,"column":11}},"loc":{"start":{"line":19,"column":20},"end":{"line":19,"column":77}},"line":19},"3":{"name":"(anonymous_3)","decl":{"start":{"line":34,"column":10},"end":{"line":34,"column":11}},"loc":{"start":{"line":34,"column":22},"end":{"line":34,"column":83}},"line":34}},"branchMap":{},"s":{"0":1,"1":0,"2":0,"3":0,"4":0,"5":0,"6":0,"7":0,"8":0,"9":0,"10":0,"11":0,"12":0,"13":0,"14":0,"15":0},"f":{"0":0,"1":0,"2":0,"3":0},"b":{},"_coverageSchema":"332fd63041d2c1bcb487cc26dd0d5f7d97098a6c","hash":"4ac97246e6b342f9937fd68c82e42937d544123b"}
,"/Users/kevinreynolds/Sites/udemy/nodejs-jest/more-recipes/server/filters/mostUpvoted.js": {"path":"/Users/kevinreynolds/Sites/udemy/nodejs-jest/more-recipes/server/filters/mostUpvoted.js","statementMap":{"0":{"start":{"line":4,"column":33},"end":{"line":40,"column":1}},"1":{"start":{"line":5,"column":27},"end":{"line":5,"column":64}},"2":{"start":{"line":7,"column":2},"end":{"line":7,"column":17}},"3":{"start":{"line":8,"column":2},"end":{"line":8,"column":54}},"4":{"start":{"line":8,"column":33},"end":{"line":8,"column":52}},"5":{"start":{"line":10,"column":33},"end":{"line":10,"column":52}},"6":{"start":{"line":11,"column":33},"end":{"line":11,"column":35}},"7":{"start":{"line":13,"column":2},"end":{"line":16,"column":3}},"8":{"start":{"line":14,"column":21},"end":{"line":14,"column":68}},"9":{"start":{"line":15,"column":4},"end":{"line":15,"column":76}},"10":{"start":{"line":18,"column":26},"end":{"line":19,"column":74}},"11":{"start":{"line":19,"column":20},"end":{"line":19,"column":73}},"12":{"start":{"line":21,"column":29},"end":{"line":31,"column":4}},"13":{"start":{"line":33,"column":2},"end":{"line":34,"column":81}},"14":{"start":{"line":34,"column":22},"end":{"line":34,"column":79}},"15":{"start":{"line":36,"column":2},"end":{"line":39,"column":4}}},"fnMap":{"0":{"name":"(anonymous_0)","decl":{"start":{"line":4,"column":33},"end":{"line":4,"column":34}},"loc":{"start":{"line":4,"column":58},"end":{"line":40,"column":1}},"line":4},"1":{"name":"(anonymous_1)","decl":{"start":{"line":8,"column":27},"end":{"line":8,"column":28}},"loc":{"start":{"line":8,"column":33},"end":{"line":8,"column":52}},"line":8},"2":{"name":"(anonymous_2)","decl":{"start":{"line":19,"column":10},"end":{"line":19,"column":11}},"loc":{"start":{"line":19,"column":20},"end":{"line":19,"column":73}},"line":19},"3":{"name":"(anonymous_3)","decl":{"start":{"line":34,"column":10},"end":{"line":34,"column":11}},"loc":{"start":{"line":34,"column":22},"end":{"line":34,"column":79}},"line":34}},"branchMap":{},"s":{"0":1,"1":0,"2":0,"3":0,"4":0,"5":0,"6":0,"7":0,"8":0,"9":0,"10":0,"11":0,"12":0,"13":0,"14":0,"15":0},"f":{"0":0,"1":0,"2":0,"3":0},"b":{},"_coverageSchema":"332fd63041d2c1bcb487cc26dd0d5f7d97098a6c","hash":"9c0b96b72d97e07c0981d16e0d4e313a362a1809"}
,"/Users/kevinreynolds/Sites/udemy/nodejs-jest/more-recipes/server/helpers/index.js": {"path":"/Users/kevinreynolds/Sites/udemy/nodejs-jest/more-recipes/server/helpers/index.js","statementMap":{"0":{"start":{"line":14,"column":21},"end":{"line":14,"column":91}},"1":{"start":{"line":14,"column":30},"end":{"line":14,"column":91}},"2":{"start":{"line":15,"column":24},"end":{"line":50,"column":1}},"3":{"start":{"line":61,"column":17},"end":{"line":61,"column":38}},"4":{"start":{"line":63,"column":22},"end":{"line":63,"column":79}},"5":{"start":{"line":64,"column":2},"end":{"line":64,"column":35}},"6":{"start":{"line":66,"column":24},"end":{"line":66,"column":83}},"7":{"start":{"line":67,"column":2},"end":{"line":67,"column":39}},"8":{"start":{"line":69,"column":24},"end":{"line":69,"column":83}},"9":{"start":{"line":70,"column":2},"end":{"line":70,"column":39}},"10":{"start":{"line":72,"column":18},"end":{"line":72,"column":75}},"11":{"start":{"line":73,"column":2},"end":{"line":73,"column":27}},"12":{"start":{"line":75,"column":2},"end":{"line":75,"column":16}},"13":{"start":{"line":85,"column":18},"end":{"line":89,"column":4}},"14":{"start":{"line":91,"column":2},"end":{"line":91,"column":20}},"15":{"start":{"line":92,"column":2},"end":{"line":92,"column":25}},"16":{"start":{"line":93,"column":2},"end":{"line":93,"column":23}},"17":{"start":{"line":95,"column":2},"end":{"line":95,"column":14}},"18":{"start":{"line":105,"column":22},"end":{"line":105,"column":47}},"19":{"start":{"line":107,"column":2},"end":{"line":114,"column":5}},"20":{"start":{"line":108,"column":4},"end":{"line":113,"column":5}},"21":{"start":{"line":109,"column":6},"end":{"line":109,"column":25}},"22":{"start":{"line":110,"column":6},"end":{"line":112,"column":7}},"23":{"start":{"line":111,"column":8},"end":{"line":111,"column":41}},"24":{"start":{"line":116,"column":2},"end":{"line":116,"column":46}},"25":{"start":{"line":117,"column":2},"end":{"line":117,"column":20}},"26":{"start":{"line":118,"column":2},"end":{"line":118,"column":21}}},"fnMap":{"0":{"name":"(anonymous_0)","decl":{"start":{"line":14,"column":21},"end":{"line":14,"column":22}},"loc":{"start":{"line":14,"column":30},"end":{"line":14,"column":91}},"line":14},"1":{"name":"updateRecipeAttributes","decl":{"start":{"line":60,"column":22},"end":{"line":60,"column":44}},"loc":{"start":{"line":60,"column":62},"end":{"line":76,"column":1}},"line":60},"2":{"name":"updateUserAttributes","decl":{"start":{"line":84,"column":22},"end":{"line":84,"column":42}},"loc":{"start":{"line":84,"column":57},"end":{"line":96,"column":1}},"line":84},"3":{"name":"updateUserSettings","decl":{"start":{"line":104,"column":22},"end":{"line":104,"column":40}},"loc":{"start":{"line":104,"column":60},"end":{"line":119,"column":1}},"line":104},"4":{"name":"(anonymous_4)","decl":{"start":{"line":107,"column":38},"end":{"line":107,"column":39}},"loc":{"start":{"line":107,"column":56},"end":{"line":114,"column":3}},"line":107}},"branchMap":{"0":{"loc":{"start":{"line":108,"column":4},"end":{"line":113,"column":5}},"type":"if","locations":[{"start":{"line":108,"column":4},"end":{"line":113,"column":5}},{"start":{"line":108,"column":4},"end":{"line":113,"column":5}}],"line":108},"1":{"loc":{"start":{"line":110,"column":6},"end":{"line":112,"column":7}},"type":"if","locations":[{"start":{"line":110,"column":6},"end":{"line":112,"column":7}},{"start":{"line":110,"column":6},"end":{"line":112,"column":7}}],"line":110},"2":{"loc":{"start":{"line":110,"column":10},"end":{"line":110,"column":52}},"type":"binary-expr","locations":[{"start":{"line":110,"column":10},"end":{"line":110,"column":29}},{"start":{"line":110,"column":33},"end":{"line":110,"column":52}}],"line":110}},"s":{"0":3,"1":7,"2":3,"3":0,"4":0,"5":0,"6":0,"7":0,"8":0,"9":0,"10":0,"11":0,"12":0,"13":0,"14":0,"15":0,"16":0,"17":0,"18":0,"19":0,"20":0,"21":0,"22":0,"23":0,"24":0,"25":0,"26":0},"f":{"0":7,"1":0,"2":0,"3":0,"4":0},"b":{"0":[0,0],"1":[0,0],"2":[0,0]},"_coverageSchema":"332fd63041d2c1bcb487cc26dd0d5f7d97098a6c","hash":"4c16e289873d48d87266bd41a715de22ea20c17e"}
,"/Users/kevinreynolds/Sites/udemy/nodejs-jest/more-recipes/server/helpers/redis-client.js": {"path":"/Users/kevinreynolds/Sites/udemy/nodejs-jest/more-recipes/server/helpers/redis-client.js","statementMap":{"0":{"start":{"line":7,"column":23},"end":{"line":13,"column":1}},"1":{"start":{"line":8,"column":2},"end":{"line":10,"column":3}},"2":{"start":{"line":9,"column":4},"end":{"line":9,"column":47}},"3":{"start":{"line":12,"column":2},"end":{"line":12,"column":24}}},"fnMap":{"0":{"name":"(anonymous_0)","decl":{"start":{"line":7,"column":23},"end":{"line":7,"column":24}},"loc":{"start":{"line":7,"column":29},"end":{"line":13,"column":1}},"line":7}},"branchMap":{"0":{"loc":{"start":{"line":8,"column":2},"end":{"line":10,"column":3}},"type":"if","locations":[{"start":{"line":8,"column":2},"end":{"line":10,"column":3}},{"start":{"line":8,"column":2},"end":{"line":10,"column":3}}],"line":8}},"s":{"0":3,"1":3,"2":0,"3":3},"f":{"0":3},"b":{"0":[0,3]},"_coverageSchema":"332fd63041d2c1bcb487cc26dd0d5f7d97098a6c","hash":"4d93a8a030cd3efb0c7491867c68a13eece6a082"}
,"/Users/kevinreynolds/Sites/udemy/nodejs-jest/more-recipes/server/middleware/api.js": {"path":"/Users/kevinreynolds/Sites/udemy/nodejs-jest/more-recipes/server/middleware/api.js","statementMap":{"0":{"start":{"line":9,"column":2},"end":{"line":12,"column":5}},"1":{"start":{"line":9,"column":56},"end":{"line":12,"column":4}},"2":{"start":{"line":14,"column":2},"end":{"line":17,"column":5}},"3":{"start":{"line":14,"column":56},"end":{"line":17,"column":4}},"4":{"start":{"line":19,"column":2},"end":{"line":19,"column":16}}},"fnMap":{"0":{"name":"(anonymous_0)","decl":{"start":{"line":8,"column":15},"end":{"line":8,"column":16}},"loc":{"start":{"line":8,"column":35},"end":{"line":20,"column":1}},"line":8},"1":{"name":"(anonymous_1)","decl":{"start":{"line":9,"column":28},"end":{"line":9,"column":29}},"loc":{"start":{"line":9,"column":56},"end":{"line":12,"column":4}},"line":9},"2":{"name":"(anonymous_2)","decl":{"start":{"line":14,"column":28},"end":{"line":14,"column":29}},"loc":{"start":{"line":14,"column":56},"end":{"line":17,"column":4}},"line":14}},"branchMap":{"0":{"loc":{"start":{"line":9,"column":35},"end":{"line":9,"column":51}},"type":"default-arg","locations":[{"start":{"line":9,"column":48},"end":{"line":9,"column":51}}],"line":9},"1":{"loc":{"start":{"line":14,"column":35},"end":{"line":14,"column":51}},"type":"default-arg","locations":[{"start":{"line":14,"column":48},"end":{"line":14,"column":51}}],"line":14}},"s":{"0":1,"1":1,"2":1,"3":0,"4":1},"f":{"0":1,"1":1,"2":0},"b":{"0":[0],"1":[0]},"_coverageSchema":"332fd63041d2c1bcb487cc26dd0d5f7d97098a6c","hash":"bcc1c536062f7bc707bbe62fe3926c729a201fe8"}
,"/Users/kevinreynolds/Sites/udemy/nodejs-jest/more-recipes/server/middleware/auth.js": {"path":"/Users/kevinreynolds/Sites/udemy/nodejs-jest/more-recipes/server/middleware/auth.js","statementMap":{"0":{"start":{"line":14,"column":22},"end":{"line":14,"column":102}},"1":{"start":{"line":16,"column":2},"end":{"line":26,"column":3}},"2":{"start":{"line":17,"column":21},"end":{"line":17,"column":63}},"3":{"start":{"line":18,"column":17},"end":{"line":18,"column":80}},"4":{"start":{"line":19,"column":4},"end":{"line":23,"column":5}},"5":{"start":{"line":20,"column":6},"end":{"line":20,"column":32}},"6":{"start":{"line":21,"column":6},"end":{"line":21,"column":29}},"7":{"start":{"line":22,"column":6},"end":{"line":22,"column":20}},"8":{"start":{"line":25,"column":4},"end":{"line":25,"column":73}}},"fnMap":{"0":{"name":"(anonymous_0)","decl":{"start":{"line":13,"column":15},"end":{"line":13,"column":16}},"loc":{"start":{"line":13,"column":41},"end":{"line":27,"column":1}},"line":13}},"branchMap":{"0":{"loc":{"start":{"line":14,"column":22},"end":{"line":14,"column":102}},"type":"binary-expr","locations":[{"start":{"line":14,"column":22},"end":{"line":14,"column":43}},{"start":{"line":14,"column":47},"end":{"line":14,"column":69}},{"start":{"line":14,"column":73},"end":{"line":14,"column":102}}],"line":14},"1":{"loc":{"start":{"line":19,"column":4},"end":{"line":23,"column":5}},"type":"if","locations":[{"start":{"line":19,"column":4},"end":{"line":23,"column":5}},{"start":{"line":19,"column":4},"end":{"line":23,"column":5}}],"line":19}},"s":{"0":0,"1":0,"2":0,"3":0,"4":0,"5":0,"6":0,"7":0,"8":0},"f":{"0":0},"b":{"0":[0,0,0],"1":[0,0]},"_coverageSchema":"332fd63041d2c1bcb487cc26dd0d5f7d97098a6c","hash":"133f0c72a2b3fa2427808d49e24ee64327c2ab70"}
,"/Users/kevinreynolds/Sites/udemy/nodejs-jest/more-recipes/server/middleware/authorize.js": {"path":"/Users/kevinreynolds/Sites/udemy/nodejs-jest/more-recipes/server/middleware/authorize.js","statementMap":{"0":{"start":{"line":9,"column":2},"end":{"line":11,"column":3}},"1":{"start":{"line":10,"column":4},"end":{"line":10,"column":70}},"2":{"start":{"line":13,"column":2},"end":{"line":13,"column":9}}},"fnMap":{"0":{"name":"(anonymous_0)","decl":{"start":{"line":8,"column":15},"end":{"line":8,"column":16}},"loc":{"start":{"line":8,"column":41},"end":{"line":14,"column":1}},"line":8}},"branchMap":{"0":{"loc":{"start":{"line":9,"column":2},"end":{"line":11,"column":3}},"type":"if","locations":[{"start":{"line":9,"column":2},"end":{"line":11,"column":3}},{"start":{"line":9,"column":2},"end":{"line":11,"column":3}}],"line":9}},"s":{"0":0,"1":0,"2":0},"f":{"0":0},"b":{"0":[0,0]},"_coverageSchema":"332fd63041d2c1bcb487cc26dd0d5f7d97098a6c","hash":"3b2f0f53f782226481a034964b03cdb61020af65"}
,"/Users/kevinreynolds/Sites/udemy/nodejs-jest/more-recipes/server/middleware/canDownvote.js": {"path":"/Users/kevinreynolds/Sites/udemy/nodejs-jest/more-recipes/server/middleware/canDownvote.js","statementMap":{"0":{"start":{"line":12,"column":2},"end":{"line":14,"column":3}},"1":{"start":{"line":13,"column":4},"end":{"line":13,"column":70}},"2":{"start":{"line":16,"column":2},"end":{"line":16,"column":79}},"3":{"start":{"line":18,"column":2},"end":{"line":18,"column":9}}},"fnMap":{"0":{"name":"(anonymous_0)","decl":{"start":{"line":11,"column":15},"end":{"line":11,"column":16}},"loc":{"start":{"line":11,"column":41},"end":{"line":19,"column":1}},"line":11}},"branchMap":{"0":{"loc":{"start":{"line":12,"column":2},"end":{"line":14,"column":3}},"type":"if","locations":[{"start":{"line":12,"column":2},"end":{"line":14,"column":3}},{"start":{"line":12,"column":2},"end":{"line":14,"column":3}}],"line":12}},"s":{"0":0,"1":0,"2":0,"3":0},"f":{"0":0},"b":{"0":[0,0]},"_coverageSchema":"332fd63041d2c1bcb487cc26dd0d5f7d97098a6c","hash":"517470f2a66ba47e1652ab726f47ac93133beb46"}
,"/Users/kevinreynolds/Sites/udemy/nodejs-jest/more-recipes/server/middleware/canFavorite.js": {"path":"/Users/kevinreynolds/Sites/udemy/nodejs-jest/more-recipes/server/middleware/canFavorite.js","statementMap":{"0":{"start":{"line":9,"column":2},"end":{"line":11,"column":3}},"1":{"start":{"line":10,"column":4},"end":{"line":10,"column":70}},"2":{"start":{"line":13,"column":2},"end":{"line":13,"column":9}}},"fnMap":{"0":{"name":"(anonymous_0)","decl":{"start":{"line":8,"column":15},"end":{"line":8,"column":16}},"loc":{"start":{"line":8,"column":41},"end":{"line":14,"column":1}},"line":8}},"branchMap":{"0":{"loc":{"start":{"line":9,"column":2},"end":{"line":11,"column":3}},"type":"if","locations":[{"start":{"line":9,"column":2},"end":{"line":11,"column":3}},{"start":{"line":9,"column":2},"end":{"line":11,"column":3}}],"line":9}},"s":{"0":0,"1":0,"2":0},"f":{"0":0},"b":{"0":[0,0]},"_coverageSchema":"332fd63041d2c1bcb487cc26dd0d5f7d97098a6c","hash":"72acf100cac45edb3adec09d46d9f5c58b4a4017"}
,"/Users/kevinreynolds/Sites/udemy/nodejs-jest/more-recipes/server/middleware/canReview.js": {"path":"/Users/kevinreynolds/Sites/udemy/nodejs-jest/more-recipes/server/middleware/canReview.js","statementMap":{"0":{"start":{"line":11,"column":20},"end":{"line":11,"column":72}},"1":{"start":{"line":13,"column":2},"end":{"line":15,"column":3}},"2":{"start":{"line":14,"column":4},"end":{"line":14,"column":58}},"3":{"start":{"line":17,"column":2},"end":{"line":17,"column":9}}},"fnMap":{"0":{"name":"(anonymous_0)","decl":{"start":{"line":10,"column":15},"end":{"line":10,"column":16}},"loc":{"start":{"line":10,"column":41},"end":{"line":18,"column":1}},"line":10}},"branchMap":{"0":{"loc":{"start":{"line":13,"column":2},"end":{"line":15,"column":3}},"type":"if","locations":[{"start":{"line":13,"column":2},"end":{"line":15,"column":3}},{"start":{"line":13,"column":2},"end":{"line":15,"column":3}}],"line":13}},"s":{"0":0,"1":0,"2":0,"3":0},"f":{"0":0},"b":{"0":[0,0]},"_coverageSchema":"332fd63041d2c1bcb487cc26dd0d5f7d97098a6c","hash":"fd7584761bebaf0f8c8b1f14e126653078a3e395"}
,"/Users/kevinreynolds/Sites/udemy/nodejs-jest/more-recipes/server/middleware/canUpvote.js": {"path":"/Users/kevinreynolds/Sites/udemy/nodejs-jest/more-recipes/server/middleware/canUpvote.js","statementMap":{"0":{"start":{"line":12,"column":2},"end":{"line":14,"column":3}},"1":{"start":{"line":13,"column":4},"end":{"line":13,"column":70}},"2":{"start":{"line":16,"column":2},"end":{"line":16,"column":81}},"3":{"start":{"line":18,"column":2},"end":{"line":18,"column":9}}},"fnMap":{"0":{"name":"(anonymous_0)","decl":{"start":{"line":11,"column":15},"end":{"line":11,"column":16}},"loc":{"start":{"line":11,"column":41},"end":{"line":19,"column":1}},"line":11}},"branchMap":{"0":{"loc":{"start":{"line":12,"column":2},"end":{"line":14,"column":3}},"type":"if","locations":[{"start":{"line":12,"column":2},"end":{"line":14,"column":3}},{"start":{"line":12,"column":2},"end":{"line":14,"column":3}}],"line":12}},"s":{"0":0,"1":0,"2":0,"3":0},"f":{"0":0},"b":{"0":[0,0]},"_coverageSchema":"332fd63041d2c1bcb487cc26dd0d5f7d97098a6c","hash":"0c3f74a2d542bff46c64b09279eae2553f7f1d06"}
,"/Users/kevinreynolds/Sites/udemy/nodejs-jest/more-recipes/server/middleware/createRecipeValidator.js": {"path":"/Users/kevinreynolds/Sites/udemy/nodejs-jest/more-recipes/server/middleware/createRecipeValidator.js","statementMap":{"0":{"start":{"line":12,"column":20},"end":{"line":12,"column":65}},"1":{"start":{"line":14,"column":2},"end":{"line":16,"column":3}},"2":{"start":{"line":15,"column":4},"end":{"line":15,"column":70}},"3":{"start":{"line":18,"column":2},"end":{"line":18,"column":9}}},"fnMap":{"0":{"name":"(anonymous_0)","decl":{"start":{"line":11,"column":15},"end":{"line":11,"column":16}},"loc":{"start":{"line":11,"column":35},"end":{"line":19,"column":1}},"line":11}},"branchMap":{"0":{"loc":{"start":{"line":14,"column":2},"end":{"line":16,"column":3}},"type":"if","locations":[{"start":{"line":14,"column":2},"end":{"line":16,"column":3}},{"start":{"line":14,"column":2},"end":{"line":16,"column":3}}],"line":14}},"s":{"0":0,"1":0,"2":0,"3":0},"f":{"0":0},"b":{"0":[0,0]},"_coverageSchema":"332fd63041d2c1bcb487cc26dd0d5f7d97098a6c","hash":"1f64da6199d9c08292e74dc9e082b5a8c62a8d15"}
,"/Users/kevinreynolds/Sites/udemy/nodejs-jest/more-recipes/server/middleware/hasRecipe.js": {"path":"/Users/kevinreynolds/Sites/udemy/nodejs-jest/more-recipes/server/middleware/hasRecipe.js","statementMap":{"0":{"start":{"line":11,"column":2},"end":{"line":27,"column":3}},"1":{"start":{"line":12,"column":19},"end":{"line":17,"column":6}},"2":{"start":{"line":19,"column":4},"end":{"line":21,"column":5}},"3":{"start":{"line":20,"column":6},"end":{"line":20,"column":76}},"4":{"start":{"line":23,"column":4},"end":{"line":23,"column":31}},"5":{"start":{"line":24,"column":4},"end":{"line":24,"column":11}},"6":{"start":{"line":26,"column":4},"end":{"line":26,"column":74}}},"fnMap":{"0":{"name":"(anonymous_0)","decl":{"start":{"line":10,"column":15},"end":{"line":10,"column":16}},"loc":{"start":{"line":10,"column":41},"end":{"line":28,"column":1}},"line":10}},"branchMap":{"0":{"loc":{"start":{"line":12,"column":48},"end":{"line":12,"column":84}},"type":"binary-expr","locations":[{"start":{"line":12,"column":48},"end":{"line":12,"column":67}},{"start":{"line":12,"column":71},"end":{"line":12,"column":84}}],"line":12},"1":{"loc":{"start":{"line":19,"column":4},"end":{"line":21,"column":5}},"type":"if","locations":[{"start":{"line":19,"column":4},"end":{"line":21,"column":5}},{"start":{"line":19,"column":4},"end":{"line":21,"column":5}}],"line":19}},"s":{"0":0,"1":0,"2":0,"3":0,"4":0,"5":0,"6":0},"f":{"0":0},"b":{"0":[0,0],"1":[0,0]},"_coverageSchema":"332fd63041d2c1bcb487cc26dd0d5f7d97098a6c","hash":"953f6921f95f3c870c1d1301622fa00c4bbb404a"}
,"/Users/kevinreynolds/Sites/udemy/nodejs-jest/more-recipes/server/middleware/index.js": {"path":"/Users/kevinreynolds/Sites/udemy/nodejs-jest/more-recipes/server/middleware/index.js","statementMap":{},"fnMap":{},"branchMap":{},"s":{},"f":{},"b":{},"_coverageSchema":"332fd63041d2c1bcb487cc26dd0d5f7d97098a6c","hash":"36b21c5ddace907ad978a47e599f7f8042bd8d61"}
,"/Users/kevinreynolds/Sites/udemy/nodejs-jest/more-recipes/server/middleware/registerUserValidator.js": {"path":"/Users/kevinreynolds/Sites/udemy/nodejs-jest/more-recipes/server/middleware/registerUserValidator.js","statementMap":{"0":{"start":{"line":12,"column":20},"end":{"line":12,"column":66}},"1":{"start":{"line":13,"column":18},"end":{"line":13,"column":43}},"2":{"start":{"line":14,"column":2},"end":{"line":16,"column":3}},"3":{"start":{"line":15,"column":4},"end":{"line":15,"column":70}},"4":{"start":{"line":18,"column":2},"end":{"line":18,"column":9}}},"fnMap":{"0":{"name":"(anonymous_0)","decl":{"start":{"line":11,"column":15},"end":{"line":11,"column":16}},"loc":{"start":{"line":11,"column":41},"end":{"line":19,"column":1}},"line":11}},"branchMap":{"0":{"loc":{"start":{"line":14,"column":2},"end":{"line":16,"column":3}},"type":"if","locations":[{"start":{"line":14,"column":2},"end":{"line":16,"column":3}},{"start":{"line":14,"column":2},"end":{"line":16,"column":3}}],"line":14}},"s":{"0":2,"1":2,"2":2,"3":1,"4":1},"f":{"0":2},"b":{"0":[1,1]},"_coverageSchema":"332fd63041d2c1bcb487cc26dd0d5f7d97098a6c","hash":"4b0f20cf8c3262ca081d5f52bf2921c4766c7e10"}
,"/Users/kevinreynolds/Sites/udemy/nodejs-jest/more-recipes/server/middleware/signinUserValidator.js": {"path":"/Users/kevinreynolds/Sites/udemy/nodejs-jest/more-recipes/server/middleware/signinUserValidator.js","statementMap":{"0":{"start":{"line":12,"column":20},"end":{"line":12,"column":64}},"1":{"start":{"line":14,"column":2},"end":{"line":16,"column":3}},"2":{"start":{"line":15,"column":4},"end":{"line":15,"column":70}},"3":{"start":{"line":18,"column":2},"end":{"line":18,"column":9}}},"fnMap":{"0":{"name":"(anonymous_0)","decl":{"start":{"line":11,"column":15},"end":{"line":11,"column":16}},"loc":{"start":{"line":11,"column":35},"end":{"line":19,"column":1}},"line":11}},"branchMap":{"0":{"loc":{"start":{"line":14,"column":2},"end":{"line":16,"column":3}},"type":"if","locations":[{"start":{"line":14,"column":2},"end":{"line":16,"column":3}},{"start":{"line":14,"column":2},"end":{"line":16,"column":3}}],"line":14}},"s":{"0":0,"1":0,"2":0,"3":0},"f":{"0":0},"b":{"0":[0,0]},"_coverageSchema":"332fd63041d2c1bcb487cc26dd0d5f7d97098a6c","hash":"6cf88d04b0771f6f81e386838e3635483093790d"}
,"/Users/kevinreynolds/Sites/udemy/nodejs-jest/more-recipes/server/middleware/updateRecipeValidator.js": {"path":"/Users/kevinreynolds/Sites/udemy/nodejs-jest/more-recipes/server/middleware/updateRecipeValidator.js","statementMap":{"0":{"start":{"line":12,"column":20},"end":{"line":12,"column":66}},"1":{"start":{"line":14,"column":2},"end":{"line":16,"column":3}},"2":{"start":{"line":15,"column":4},"end":{"line":15,"column":70}},"3":{"start":{"line":18,"column":2},"end":{"line":18,"column":9}}},"fnMap":{"0":{"name":"(anonymous_0)","decl":{"start":{"line":11,"column":15},"end":{"line":11,"column":16}},"loc":{"start":{"line":11,"column":35},"end":{"line":19,"column":1}},"line":11}},"branchMap":{"0":{"loc":{"start":{"line":14,"column":2},"end":{"line":16,"column":3}},"type":"if","locations":[{"start":{"line":14,"column":2},"end":{"line":16,"column":3}},{"start":{"line":14,"column":2},"end":{"line":16,"column":3}}],"line":14}},"s":{"0":0,"1":0,"2":0,"3":0},"f":{"0":0},"b":{"0":[0,0]},"_coverageSchema":"332fd63041d2c1bcb487cc26dd0d5f7d97098a6c","hash":"b1f93387543f0af1eac79980c5b6bf7048b31bea"}
,"/Users/kevinreynolds/Sites/udemy/nodejs-jest/more-recipes/server/routes/frontend.js": {"path":"/Users/kevinreynolds/Sites/udemy/nodejs-jest/more-recipes/server/routes/frontend.js","statementMap":{"0":{"start":{"line":5,"column":23},"end":{"line":5,"column":35}},"1":{"start":{"line":6,"column":27},"end":{"line":6,"column":63}},"2":{"start":{"line":8,"column":0},"end":{"line":8,"column":53}}},"fnMap":{},"branchMap":{},"s":{"0":1,"1":1,"2":1},"f":{},"b":{},"_coverageSchema":"332fd63041d2c1bcb487cc26dd0d5f7d97098a6c","hash":"25c1e8f94fe3600073ea3605d84c4369b8490b9c"}
,"/Users/kevinreynolds/Sites/udemy/nodejs-jest/more-recipes/server/routes/index.js": {"path":"/Users/kevinreynolds/Sites/udemy/nodejs-jest/more-recipes/server/routes/index.js","statementMap":{},"fnMap":{},"branchMap":{},"s":{},"f":{},"b":{},"_coverageSchema":"332fd63041d2c1bcb487cc26dd0d5f7d97098a6c","hash":"ac716d7d810d74d806c5d9689fe3da025b72f274"}
,"/Users/kevinreynolds/Sites/udemy/nodejs-jest/more-recipes/server/routes/recipes.js": {"path":"/Users/kevinreynolds/Sites/udemy/nodejs-jest/more-recipes/server/routes/recipes.js","statementMap":{"0":{"start":{"line":5,"column":22},"end":{"line":5,"column":34}},"1":{"start":{"line":6,"column":26},"end":{"line":6,"column":61}},"2":{"start":{"line":7,"column":26},"end":{"line":7,"column":61}},"3":{"start":{"line":8,"column":24},"end":{"line":8,"column":57}},"4":{"start":{"line":10,"column":0},"end":{"line":10,"column":48}},"5":{"start":{"line":11,"column":0},"end":{"line":11,"column":72}},"6":{"start":{"line":12,"column":0},"end":{"line":12,"column":117}},"7":{"start":{"line":13,"column":0},"end":{"line":13,"column":101}},"8":{"start":{"line":14,"column":0},"end":{"line":14,"column":147}},"9":{"start":{"line":16,"column":0},"end":{"line":16,"column":99}},"10":{"start":{"line":17,"column":0},"end":{"line":17,"column":119}},"11":{"start":{"line":18,"column":0},"end":{"line":18,"column":81}},"12":{"start":{"line":19,"column":0},"end":{"line":19,"column":125}},"13":{"start":{"line":20,"column":0},"end":{"line":20,"column":122}},"14":{"start":{"line":21,"column":0},"end":{"line":21,"column":96}}},"fnMap":{},"branchMap":{},"s":{"0":1,"1":1,"2":1,"3":1,"4":1,"5":1,"6":1,"7":1,"8":1,"9":1,"10":1,"11":1,"12":1,"13":1,"14":1},"f":{},"b":{},"_coverageSchema":"332fd63041d2c1bcb487cc26dd0d5f7d97098a6c","hash":"7a737ae29eff91d2dc02456b45df67567be0da6f"}
,"/Users/kevinreynolds/Sites/udemy/nodejs-jest/more-recipes/server/routes/users.js": {"path":"/Users/kevinreynolds/Sites/udemy/nodejs-jest/more-recipes/server/routes/users.js","statementMap":{"0":{"start":{"line":5,"column":19},"end":{"line":5,"column":31}},"1":{"start":{"line":6,"column":23},"end":{"line":6,"column":55}},"2":{"start":{"line":7,"column":24},"end":{"line":7,"column":57}},"3":{"start":{"line":8,"column":27},"end":{"line":8,"column":63}},"4":{"start":{"line":10,"column":0},"end":{"line":10,"column":56}},"5":{"start":{"line":11,"column":0},"end":{"line":11,"column":74}},"6":{"start":{"line":12,"column":0},"end":{"line":12,"column":59}},"7":{"start":{"line":13,"column":0},"end":{"line":13,"column":85}},"8":{"start":{"line":14,"column":0},"end":{"line":14,"column":76}},"9":{"start":{"line":15,"column":0},"end":{"line":15,"column":82}},"10":{"start":{"line":16,"column":0},"end":{"line":16,"column":84}},"11":{"start":{"line":17,"column":0},"end":{"line":17,"column":129}}},"fnMap":{},"branchMap":{},"s":{"0":1,"1":1,"2":1,"3":1,"4":1,"5":1,"6":1,"7":1,"8":1,"9":1,"10":1,"11":1},"f":{},"b":{},"_coverageSchema":"332fd63041d2c1bcb487cc26dd0d5f7d97098a6c","hash":"553b91bef185d518978062f472fa1bbd25f108e5"}
,"/Users/kevinreynolds/Sites/udemy/nodejs-jest/more-recipes/server/validators/index.js": {"path":"/Users/kevinreynolds/Sites/udemy/nodejs-jest/more-recipes/server/validators/index.js","statementMap":{},"fnMap":{},"branchMap":{},"s":{},"f":{},"b":{},"_coverageSchema":"332fd63041d2c1bcb487cc26dd0d5f7d97098a6c","hash":"fe4b22e9ba3a40bd9baa910abbf44d9767f1c536"}
,"/Users/kevinreynolds/Sites/udemy/nodejs-jest/more-recipes/server/validators/registerUserValidator.js": {"path":"/Users/kevinreynolds/Sites/udemy/nodejs-jest/more-recipes/server/validators/registerUserValidator.js","statementMap":{"0":{"start":{"line":14,"column":4},"end":{"line":14,"column":21}},"1":{"start":{"line":16,"column":4},"end":{"line":16,"column":21}},"2":{"start":{"line":25,"column":4},"end":{"line":25,"column":24}},"3":{"start":{"line":26,"column":4},"end":{"line":26,"column":28}},"4":{"start":{"line":27,"column":4},"end":{"line":27,"column":31}},"5":{"start":{"line":29,"column":4},"end":{"line":31,"column":5}},"6":{"start":{"line":30,"column":6},"end":{"line":30,"column":19}},"7":{"start":{"line":32,"column":4},"end":{"line":32,"column":16}},"8":{"start":{"line":41,"column":4},"end":{"line":47,"column":5}},"9":{"start":{"line":42,"column":6},"end":{"line":44,"column":7}},"10":{"start":{"line":43,"column":8},"end":{"line":43,"column":71}},"11":{"start":{"line":46,"column":6},"end":{"line":46,"column":48}},"12":{"start":{"line":56,"column":4},"end":{"line":62,"column":5}},"13":{"start":{"line":57,"column":6},"end":{"line":59,"column":7}},"14":{"start":{"line":58,"column":8},"end":{"line":58,"column":75}},"15":{"start":{"line":61,"column":6},"end":{"line":61,"column":52}},"16":{"start":{"line":71,"column":4},"end":{"line":82,"column":5}},"17":{"start":{"line":72,"column":6},"end":{"line":79,"column":7}},"18":{"start":{"line":73,"column":8},"end":{"line":73,"column":69}},"19":{"start":{"line":75,"column":21},"end":{"line":75,"column":85}},"20":{"start":{"line":76,"column":8},"end":{"line":78,"column":9}},"21":{"start":{"line":77,"column":10},"end":{"line":77,"column":69}},"22":{"start":{"line":81,"column":6},"end":{"line":81,"column":49}}},"fnMap":{"0":{"name":"(anonymous_0)","decl":{"start":{"line":13,"column":2},"end":{"line":13,"column":3}},"loc":{"start":{"line":13,"column":20},"end":{"line":17,"column":3}},"line":13},"1":{"name":"(anonymous_1)","decl":{"start":{"line":24,"column":2},"end":{"line":24,"column":3}},"loc":{"start":{"line":24,"column":18},"end":{"line":33,"column":3}},"line":24},"2":{"name":"(anonymous_2)","decl":{"start":{"line":40,"column":2},"end":{"line":40,"column":3}},"loc":{"start":{"line":40,"column":17},"end":{"line":48,"column":3}},"line":40},"3":{"name":"(anonymous_3)","decl":{"start":{"line":55,"column":2},"end":{"line":55,"column":3}},"loc":{"start":{"line":55,"column":21},"end":{"line":63,"column":3}},"line":55},"4":{"name":"(anonymous_4)","decl":{"start":{"line":70,"column":2},"end":{"line":70,"column":3}},"loc":{"start":{"line":70,"column":24},"end":{"line":83,"column":3}},"line":70}},"branchMap":{"0":{"loc":{"start":{"line":29,"column":4},"end":{"line":31,"column":5}},"type":"if","locations":[{"start":{"line":29,"column":4},"end":{"line":31,"column":5}},{"start":{"line":29,"column":4},"end":{"line":31,"column":5}}],"line":29},"1":{"loc":{"start":{"line":41,"column":4},"end":{"line":47,"column":5}},"type":"if","locations":[{"start":{"line":41,"column":4},"end":{"line":47,"column":5}},{"start":{"line":41,"column":4},"end":{"line":47,"column":5}}],"line":41},"2":{"loc":{"start":{"line":42,"column":6},"end":{"line":44,"column":7}},"type":"if","locations":[{"start":{"line":42,"column":6},"end":{"line":44,"column":7}},{"start":{"line":42,"column":6},"end":{"line":44,"column":7}}],"line":42},"3":{"loc":{"start":{"line":56,"column":4},"end":{"line":62,"column":5}},"type":"if","locations":[{"start":{"line":56,"column":4},"end":{"line":62,"column":5}},{"start":{"line":56,"column":4},"end":{"line":62,"column":5}}],"line":56},"4":{"loc":{"start":{"line":57,"column":6},"end":{"line":59,"column":7}},"type":"if","locations":[{"start":{"line":57,"column":6},"end":{"line":59,"column":7}},{"start":{"line":57,"column":6},"end":{"line":59,"column":7}}],"line":57},"5":{"loc":{"start":{"line":71,"column":4},"end":{"line":82,"column":5}},"type":"if","locations":[{"start":{"line":71,"column":4},"end":{"line":82,"column":5}},{"start":{"line":71,"column":4},"end":{"line":82,"column":5}}],"line":71},"6":{"loc":{"start":{"line":72,"column":6},"end":{"line":79,"column":7}},"type":"if","locations":[{"start":{"line":72,"column":6},"end":{"line":79,"column":7}},{"start":{"line":72,"column":6},"end":{"line":79,"column":7}}],"line":72},"7":{"loc":{"start":{"line":76,"column":8},"end":{"line":78,"column":9}},"type":"if","locations":[{"start":{"line":76,"column":8},"end":{"line":78,"column":9}},{"start":{"line":76,"column":8},"end":{"line":78,"column":9}}],"line":76}},"s":{"0":10,"1":10,"2":5,"3":5,"4":5,"5":5,"6":3,"7":2,"8":7,"9":6,"10":2,"11":1,"12":5,"13":5,"14":1,"15":0,"16":8,"17":7,"18":4,"19":3,"20":3,"21":1,"22":1},"f":{"0":10,"1":5,"2":7,"3":5,"4":8},"b":{"0":[3,2],"1":[6,1],"2":[2,4],"3":[5,0],"4":[1,4],"5":[7,1],"6":[4,3],"7":[1,2]},"_coverageSchema":"332fd63041d2c1bcb487cc26dd0d5f7d97098a6c","hash":"dc213856a21a0d470760b992165eca42420f6ce7"}
,"/Users/kevinreynolds/Sites/udemy/nodejs-jest/more-recipes/server/validators/signinUserValidator.js": {"path":"/Users/kevinreynolds/Sites/udemy/nodejs-jest/more-recipes/server/validators/signinUserValidator.js","statementMap":{"0":{"start":{"line":11,"column":4},"end":{"line":11,"column":21}},"1":{"start":{"line":13,"column":4},"end":{"line":13,"column":21}},"2":{"start":{"line":20,"column":4},"end":{"line":20,"column":28}},"3":{"start":{"line":21,"column":4},"end":{"line":21,"column":25}},"4":{"start":{"line":23,"column":4},"end":{"line":25,"column":5}},"5":{"start":{"line":24,"column":6},"end":{"line":24,"column":19}},"6":{"start":{"line":27,"column":4},"end":{"line":27,"column":16}},"7":{"start":{"line":34,"column":4},"end":{"line":36,"column":5}},"8":{"start":{"line":35,"column":6},"end":{"line":35,"column":52}},"9":{"start":{"line":44,"column":4},"end":{"line":50,"column":5}},"10":{"start":{"line":45,"column":6},"end":{"line":47,"column":7}},"11":{"start":{"line":46,"column":8},"end":{"line":46,"column":69}},"12":{"start":{"line":49,"column":6},"end":{"line":49,"column":49}}},"fnMap":{"0":{"name":"(anonymous_0)","decl":{"start":{"line":10,"column":2},"end":{"line":10,"column":3}},"loc":{"start":{"line":10,"column":20},"end":{"line":14,"column":3}},"line":10},"1":{"name":"(anonymous_1)","decl":{"start":{"line":19,"column":2},"end":{"line":19,"column":3}},"loc":{"start":{"line":19,"column":12},"end":{"line":28,"column":3}},"line":19},"2":{"name":"(anonymous_2)","decl":{"start":{"line":33,"column":2},"end":{"line":33,"column":3}},"loc":{"start":{"line":33,"column":21},"end":{"line":37,"column":3}},"line":33},"3":{"name":"(anonymous_3)","decl":{"start":{"line":43,"column":2},"end":{"line":43,"column":3}},"loc":{"start":{"line":43,"column":24},"end":{"line":51,"column":3}},"line":43}},"branchMap":{"0":{"loc":{"start":{"line":23,"column":4},"end":{"line":25,"column":5}},"type":"if","locations":[{"start":{"line":23,"column":4},"end":{"line":25,"column":5}},{"start":{"line":23,"column":4},"end":{"line":25,"column":5}}],"line":23},"1":{"loc":{"start":{"line":34,"column":4},"end":{"line":36,"column":5}},"type":"if","locations":[{"start":{"line":34,"column":4},"end":{"line":36,"column":5}},{"start":{"line":34,"column":4},"end":{"line":36,"column":5}}],"line":34},"2":{"loc":{"start":{"line":44,"column":4},"end":{"line":50,"column":5}},"type":"if","locations":[{"start":{"line":44,"column":4},"end":{"line":50,"column":5}},{"start":{"line":44,"column":4},"end":{"line":50,"column":5}}],"line":44},"3":{"loc":{"start":{"line":45,"column":6},"end":{"line":47,"column":7}},"type":"if","locations":[{"start":{"line":45,"column":6},"end":{"line":47,"column":7}},{"start":{"line":45,"column":6},"end":{"line":47,"column":7}}],"line":45}},"s":{"0":0,"1":0,"2":0,"3":0,"4":0,"5":0,"6":0,"7":0,"8":0,"9":0,"10":0,"11":0,"12":0},"f":{"0":0,"1":0,"2":0,"3":0},"b":{"0":[0,0],"1":[0,0],"2":[0,0],"3":[0,0]},"_coverageSchema":"332fd63041d2c1bcb487cc26dd0d5f7d97098a6c","hash":"3d5753e00657d803f8a82081877a78f8cdf660d5"}
,"/Users/kevinreynolds/Sites/udemy/nodejs-jest/more-recipes/server/validators/storeRecipeValidator.js": {"path":"/Users/kevinreynolds/Sites/udemy/nodejs-jest/more-recipes/server/validators/storeRecipeValidator.js","statementMap":{"0":{"start":{"line":12,"column":4},"end":{"line":12,"column":25}},"1":{"start":{"line":13,"column":4},"end":{"line":13,"column":21}},"2":{"start":{"line":22,"column":4},"end":{"line":31,"column":5}},"3":{"start":{"line":23,"column":6},"end":{"line":23,"column":27}},"4":{"start":{"line":24,"column":6},"end":{"line":24,"column":33}},"5":{"start":{"line":25,"column":6},"end":{"line":25,"column":32}},"6":{"start":{"line":26,"column":6},"end":{"line":26,"column":30}},"7":{"start":{"line":27,"column":6},"end":{"line":27,"column":33}},"8":{"start":{"line":28,"column":6},"end":{"line":28,"column":31}},"9":{"start":{"line":30,"column":6},"end":{"line":30,"column":50}},"10":{"start":{"line":33,"column":4},"end":{"line":35,"column":5}},"11":{"start":{"line":34,"column":6},"end":{"line":34,"column":19}},"12":{"start":{"line":37,"column":4},"end":{"line":37,"column":16}},"13":{"start":{"line":47,"column":4},"end":{"line":53,"column":5}},"14":{"start":{"line":48,"column":6},"end":{"line":50,"column":7}},"15":{"start":{"line":49,"column":8},"end":{"line":49,"column":72}},"16":{"start":{"line":52,"column":6},"end":{"line":52,"column":49}},"17":{"start":{"line":63,"column":4},"end":{"line":69,"column":5}},"18":{"start":{"line":64,"column":6},"end":{"line":66,"column":7}},"19":{"start":{"line":65,"column":8},"end":{"line":65,"column":78}},"20":{"start":{"line":68,"column":6},"end":{"line":68,"column":55}},"21":{"start":{"line":78,"column":4},"end":{"line":84,"column":5}},"22":{"start":{"line":79,"column":6},"end":{"line":81,"column":7}},"23":{"start":{"line":80,"column":8},"end":{"line":80,"column":74}},"24":{"start":{"line":83,"column":6},"end":{"line":83,"column":56}},"25":{"start":{"line":93,"column":26},"end":{"line":93,"column":37}},"26":{"start":{"line":95,"column":4},"end":{"line":114,"col
[...]
line":97,"column":46}},"29":{"start":{"line":99,"column":8},"end":{"line":99,"column":80}},"30":{"start":{"line":100,"column":8},"end":{"line":100,"column":15}},"31":{"start":{"line":103,"column":6},"end":{"line":105,"column":7}},"32":{"start":{"line":104,"column":8},"end":{"line":104,"column":65}},"33":{"start":{"line":107,"column":6},"end":{"line":111,"column":7}},"34":{"start":{"line":108,"column":8},"end":{"line":110,"column":9}},"35":{"start":{"line":109,"column":10},"end":{"line":109,"column":69}},"36":{"start":{"line":113,"column":6},"end":{"line":113,"column":56}},"37":{"start":{"line":122,"column":4},"end":{"line":128,"column":5}},"38":{"start":{"line":123,"column":6},"end":{"line":125,"column":7}},"39":{"start":{"line":124,"column":8},"end":{"line":124,"column":67}},"40":{"start":{"line":127,"column":6},"end":{"line":127,"column":53}},"41":{"start":{"line":137,"column":24},"end":{"line":137,"column":35}},"42":{"start":{"line":139,"column":4},"end":{"line":157,"column":5}},"43":{"start":{"line":140,"column":6},"end":{"line":145,"column":7}},"44":{"start":{"line":141,"column":8},"end":{"line":141,"column":42}},"45":{"start":{"line":143,"column":8},"end":{"line":143,"column":78}},"46":{"start":{"line":144,"column":8},"end":{"line":144,"column":15}},"47":{"start":{"line":146,"column":6},"end":{"line":148,"column":7}},"48":{"start":{"line":147,"column":8},"end":{"line":147,"column":69}},"49":{"start":{"line":150,"column":6},"end":{"line":154,"column":7}},"50":{"start":{"line":151,"column":8},"end":{"line":153,"column":9}},"51":{"start":{"line":152,"column":10},"end":{"line":152,"column":73}},"52":{"start":{"line":156,"column":6},"end":{"line":156,"column":53}}},"fnMap":{"0":{"name":"(anonymous_0)","decl":{"start":{"line":11,"column":2},"end":{"line":11,"column":3}},"loc":{"start":{"line":11,"column":22},"end":{"line":14,"column":3}},"line":11},"1":{"name":"(anonymous_1)","decl":{"start":{"line":21,"column":2},"end":{"line":21,"column":3}},"loc":{"start":{"line":21,"column":12},"end":{"line":38,"column":3}},"line":21},"2":{"name":"(anonymous_2)","decl":{"start":{"line":46,"column":2},"end":{"line":46,"column":3}},"loc":{"start":{"line":46,"column":18},"end":{"line":54,"column":3}},"line":46},"3":{"name":"(anonymous_3)","decl":{"start":{"line":62,"column":2},"end":{"line":62,"column":3}},"loc":{"start":{"line":62,"column":24},"end":{"line":70,"column":3}},"line":62},"4":{"name":"(anonymous_4)","decl":{"start":{"line":77,"column":2},"end":{"line":77,"column":3}},"loc":{"start":{"line":77,"column":23},"end":{"line":85,"column":3}},"line":77},"5":{"name":"(anonymous_5)","decl":{"start":{"line":92,"column":2},"end":{"line":92,"column":3}},"loc":{"start":{"line":92,"column":24},"end":{"line":115,"column":3}},"line":92},"6":{"name":"(anonymous_6)","decl":{"start":{"line":121,"column":2},"end":{"line":121,"column":3}},"loc":{"start":{"line":121,"column":21},"end":{"line":129,"column":3}},"line":121},"7":{"name":"(anonymous_7)","decl":{"start":{"line":136,"column":2},"end":{"line":136,"column":3}},"loc":{"start":{"line":136,"column":22},"end":{"line":158,"column":3}},"line":136}},"branchMap":{"0":{"loc":{"start":{"line":22,"column":4},"end":{"line":31,"column":5}},"type":"if","locations":[{"start":{"line":22,"column":4},"end":{"line":31,"column":5}},{"start":{"line":22,"column":4},"end":{"line":31,"column":5}}],"line":22},"1":{"loc":{"start":{"line":33,"column":4},"end":{"line":35,"column":5}},"type":"if","locations":[{"start":{"line":33,"column":4},"end":{"line":35,"column":5}},{"start":{"line":33,"column":4},"end":{"line":35,"column":5}}],"line":33},"2":{"loc":{"start":{"line":47,"column":4},"end":{"line":53,"column":5}},"type":"if","locations":[{"start":{"line":47,"column":4},"end":{"line":53,"column":5}},{"start":{"line":47,"column":4},"end":{"line":53,"column":5}}],"line":47},"3":{"loc":{"start":{"line":48,"column":6},"end":{"line":50,"column":7}},"type":"if","locations":[{"start":{"line":48,"column":6},"end":{"line":50,"column":7}},{"start":{"line":48,"column":6},"end":{"line":50,"column":7}}],"line":48},"4":{"loc":{"start":{"line":63,"column":4},"end":{"line":69,"column":5}},"type":"if","locations":[{"start":{"line":63,"column":4},"end":{"line":69,"column":5}},{"start":{"line":63,"column":4},"end":{"line":69,"column":5}}],"line":63},"5":{"loc":{"start":{"line":64,"column":6},"end":{"line":66,"column":7}},"type":"if","locations":[{"start":{"line":64,"column":6},"end":{"line":66,"column":7}},{"start":{"line":64,"column":6},"end":{"line":66,"column":7}}],"line":64},"6":{"loc":{"start":{"line":78,"column":4},"end":{"line":84,"column":5}},"type":"if","locations":[{"start":{"line":78,"column":4},"end":{"line":84,"column":5}},{"start":{"line":78,"column":4},"end":{"line":84,"column":5}}],"line":78},"7":{"loc":{"start":{"line":79,"column":6},"end":{"line":81,"column":7}},"type":"if","locations":[{"start":{"line":79,"column":6},"end":{"line":81,"column":7}},{"start":{"line":79,"column":6},"end":{"line":81,"column":7}}],"line":79},"8":{"loc":{"start":{"line":95,"column":4},"end":{"line":114,"column":5}},"type":"if","locations":[{"start":{"line":95,"column":4},"end":{"line":114,"column":5}},{"start":{"line":95,"column":4},"end":{"line":114,"column":5}}],"line":95},"9":{"loc":{"start":{"line":103,"column":6},"end":{"line":105,"column":7}},"type":"if","locations":[{"start":{"line":103,"column":6},"end":{"line":105,"column":7}},{"start":{"line":103,"column":6},"end":{"line":105,"column":7}}],"line":103},"10":{"loc":{"start":{"line":107,"column":6},"end":{"line":111,"column":7}},"type":"if","locations":[{"start":{"line":107,"column":6},"end":{"line":111,"column":7}},{"start":{"line":107,"column":6},"end":{"line":111,"column":7}}],"line":107},"11":{"loc":{"start":{"line":108,"column":8},"end":{"line":110,"column":9}},"type":"if","locations":[{"start":{"line":108,"column":8},"end":{"line":110,"column":9}},{"start":{"line":108,"column":8},"end":{"line":110,"column":9}}],"line":108},"12":{"loc":{"start":{"line":122,"column":4},"end":{"line":128,"column":5}},"type":"if","locations":[{"start":{"line":122,"column":4},"end":{"line":128,"column":5}},{"start":{"line":122,"column":4},"end":{"line":128,"column":5}}],"line":122},"13":{"loc":{"start":{"line":123,"column":6},"end":{"line":125,"column":7}},"type":"if","locations":[{"start":{"line":123,"column":6},"end":{"line":125,"column":7}},{"start":{"line":123,"column":6},"end":{"line":125,"column":7}}],"line":123},"14":{"loc":{"start":{"line":139,"column":4},"end":{"line":157,"column":5}},"type":"if","locations":[{"start":{"line":139,"column":4},"end":{"line":157,"column":5}},{"start":{"line":139,"column":4},"end":{"line":157,"column":5}}],"line":139},"15":{"loc":{"start":{"line":146,"column":6},"end":{"line":148,"column":7}},"type":"if","locations":[{"start":{"line":146,"column":6},"end":{"line":148,"column":7}},{"start":{"line":146,"column":6},"end":{"line":148,"column":7}}],"line":146},"16":{"loc":{"start":{"line":150,"column":6},"end":{"line":154,"column":7}},"type":"if","locations":[{"start":{"line":150,"column":6},"end":{"line":154,"column":7}},{"start":{"line":150,"column":6},"end":{"line":154,"column":7}}],"line":150},"17":{"loc":{"start":{"line":151,"column":8},"end":{"line":153,"column":9}},"type":"if","locations":[{"start":{"line":151,"column":8},"end":{"line":153,"column":9}},{"start":{"line":151,"column":8},"end":{"line":153,"column":9}}],"line":151}},"s":{"0":0,"1":0,"2":0,"3":0,"4":0,"5":0,"6":0,"7":0,"8":0,"9":0,"10":0,"11":0,"12":0,"13":0,"14":0,"15":0,"16":0,"17":0,"18":0,"19":0,"20":0,"21":0,"22":0,"23":0,"24":0,"25":0,"26":0,"27":0,"28":0,"29":0,"30":0,"31":0,"32":0,"33":0,"34":0,"35":0,"36":0,"37":0,"38":0,"39":0,"40":0,"41":0,"42":0,"43":0,"44":0,"45":0,"46":0,"47":0,"48":0,"49":0,"50":0,"51":0,"52":0},"f":{"0":0,"1":0,"2":0,"3":0,"4":0,"5":0,"6":0,"7":0},"b":{"0":[0,0],"1":[0,0],"2":[0,0],"3":[0,0],"4":[0,0],"5":[0,0],"6":[0,0],"7":[0,0],"8":[0,0],"9":[0,0],"10":[0,0],"11":[0,0],"12":[0,0],"13":[0,0],"14":[0,0],"15":[0,0],"16":[0,0],"17":[0,0]},"_coverageSchema":"332fd63041d2c1bcb487cc26dd0d5f7d97098a6c","hash":"5b60f0b65b2b244f0d3751cefa27ad11b2738344"}
,"/Users/kevinreynolds/Sites/udemy/nodejs-jest/more-recipes/server/validators/storeReviewValidator.js": {"path":"/Users/kevinreynolds/Sites/udemy/nodejs-jest/more-recipes/server/validators/storeReviewValidator.js","statementMap":{"0":{"start":{"line":14,"column":4},"end":{"line":14,"column":25}},"1":{"start":{"line":16,"column":4},"end":{"line":16,"column":21}},"2":{"start":{"line":26,"column":4},"end":{"line":26,"column":26}},"3":{"start":{"line":28,"column":4},"end":{"line":30,"column":5}},"4":{"start":{"line":29,"column":6},"end":{"line":29,"column":19}},"5":{"start":{"line":32,"column":4},"end":{"line":32,"column":16}},"6":{"start":{"line":42,"column":4},"end":{"line":48,"column":5}},"7":{"start":{"line":43,"column":6},"end":{"line":45,"column":7}},"8":{"start":{"line":44,"column":8},"end":{"line":44,"column":73}},"9":{"start":{"line":47,"column":6},"end":{"line":47,"column":50}}},"fnMap":{"0":{"name":"(anonymous_0)","decl":{"start":{"line":13,"column":2},"end":{"line":13,"column":3}},"loc":{"start":{"line":13,"column":22},"end":{"line":17,"column":3}},"line":13},"1":{"name":"(anonymous_1)","decl":{"start":{"line":25,"column":2},"end":{"line":25,"column":3}},"loc":{"start":{"line":25,"column":12},"end":{"line":33,"column":3}},"line":25},"2":{"name":"(anonymous_2)","decl":{"start":{"line":41,"column":2},"end":{"line":41,"column":3}},"loc":{"start":{"line":41,"column":19},"end":{"line":49,"column":3}},"line":41}},"branchMap":{"0":{"loc":{"start":{"line":28,"column":4},"end":{"line":30,"column":5}},"type":"if","locations":[{"start":{"line":28,"column":4},"end":{"line":30,"column":5}},{"start":{"line":28,"column":4},"end":{"line":30,"column":5}}],"line":28},"1":{"loc":{"start":{"line":42,"column":4},"end":{"line":48,"column":5}},"type":"if","locations":[{"start":{"line":42,"column":4},"end":{"line":48,"column":5}},{"start":{"line":42,"column":4},"end":{"line":48,"column":5}}],"line":42},"2":{"loc":{"start":{"line":43,"column":6},"end":{"line":45,"column":7}},"type":"if","locations":[{"start":{"line":43,"column":6},"end":{"line":45,"column":7}},{"start":{"line":43,"column":6},"end":{"line":45,"column":7}}],"line":43}},"s":{"0":0,"1":0,"2":0,"3":0,"4":0,"5":0,"6":0,"7":0,"8":0,"9":0},"f":{"0":0,"1":0,"2":0},"b":{"0":[0,0],"1":[0,0],"2":[0,0]},"_coverageSchema":"332fd63041d2c1bcb487cc26dd0d5f7d97098a6c","hash":"bd5db4ff6a71de0a6c08597dd244fffcf0390966"}
,"/Users/kevinreynolds/Sites/udemy/nodejs-jest/more-recipes/server/validators/updateRecipeValidator.js": {"path":"/Users/kevinreynolds/Sites/udemy/nodejs-jest/more-recipes/server/validators/updateRecipeValidator.js","statementMap":{"0":{"start":{"line":12,"column":4},"end":{"line":12,"column":25}},"1":{"start":{"line":13,"column":4},"end":{"line":13,"column":21}},"2":{"start":{"line":22,"column":4},"end":{"line":22,"column":25}},"3":{"start":{"line":23,"column":4},"end":{"line":23,"column":31}},"4":{"start":{"line":24,"column":4},"end":{"line":24,"column":30}},"5":{"start":{"line":25,"column":4},"end":{"line":25,"column":28}},"6":{"start":{"line":26,"column":4},"end":{"line":26,"column":31}},"7":{"start":{"line":27,"column":4},"end":{"line":27,"column":29}},"8":{"start":{"line":29,"column":4},"end":{"line":31,"column":5}},"9":{"start":{"line":30,"column":6},"end":{"line":30,"column":19}},"10":{"start":{"line":33,"column":4},"end":{"line":33,"column":16}},"11":{"start":{"line":43,"column":4},"end":{"line":47,"column":5}},"12":{"start":{"line":44,"column":6},"end":{"line":46,"column":7}},"13":{"start":{"line":45,"column":8},"end":{"line":45,"column":72}},"14":{"start":{"line":57,"column":4},"end":{"line":61,"column":5}},"15":{"start":{"line":58,"column":6},"end":{"line":60,"column":7}},"16":{"start":{"line":59,"column":8},"end":{"line":59,"column":78}},"17":{"start":{"line":70,"column":4},"end":{"line":74,"column":5}},"18":{"start":{"line":71,"column":6},"end":{"line":73,"column":7}},"19":{"start":{"line":72,"column":8},"end":{"line":72,"column":74}},"20":{"start":{"line":83,"column":26},"end":{"line":83,"column":37}},"21":{"start":{"line":85,"column":4},"end":{"line":102,"column":5}},"22":{"start":{"line":86,"column":6},"end":{"line":91,"column":7}},"23":{"start":{"line":87,"column":8},"end":{"line":87,"column":46}},"24":{"start":{"line":89,"column":8},"end":{"line":89,"column":80}},"25":{"start":{"line":90,"column":8},"end":{"line":90,"column":15}},"26":{"start":{"line":93,"column":6},"end":{"line":95,"column":7}},"27":{"start":{"line":94,"column":8},"end":{"line":94,"column":65}},"28":{"start":{"line":97,"column":6},"end":{"line":101,"column":7}},"29":{"start":{"line":98,"column":8},"end":{"line":100,"column":9}},"30":{"start":{"line":99,"column":10},"end":{"line":99,"column":69}},"31":{"start":{"line":110,"column":4},"end":{"line":114,"column":5}},"32":{"start":{"line":111,"column":6},"end":{"line":113,"column":7}},"33":{"start":{"line":112,"column":8},"end":{"line":112,"column":67}},"34":{"start":{"line":123,"column":24},"end":{"line":123,"column":35}},"35":{"start":{"line":125,"column":4},"end":{"line":141,"column":5}},"36":{"start":{"line":126,"column":6},"end":{"line":131,"column":7}},"37":{"start":{"line":127,"column":8},"end":{"line":127,"column":42}},"38":{"start":{"line":129,"column":8},"end":{"line":129,"column":78}},"39":{"start":{"line":130,"column":8},"end":{"line":130,"column":15}},"40":{"start":{"line":132,"column":6},"end":{"line":134,"column":7}},"41":{"start":{"line":133,"column":8},"end":{"line":133,"column":69}},"42":{"start":{"line":136,"column":6},"end":{"line":140,"column":7}},"43":{"start":{"line":137,"column":8},"end":{"line":139,"column":9}},"44":{"start":{"line":138,"column":10},"end":{"line":138,"column":73}}},"fnMap":{"0":{"name":"(anonymous_0)","decl":{"start":{"line":11,"column":2},"end":{"line":11,"column":3}},"loc":{"start":{"line":11,"column":22},"end":{"line":14,"column":3}},"line":11},"1":{"name":"(anonymous_1)","decl":{"start":{"line":21,"column":2},"end":{"line":21,"column":3}},"loc":{"start":{"line":21,"column":12},"end":{"line":34,"column":3}},"line":21},"2":{"name":"(anonymous_2)","decl":{"start":{"line":42,"column":2},"end":{"line":42,"column":3}},"loc":{"start":{"line":42,"column":18},"end":{"line":48,"column":3}},"line":42},"3":{"name":"(anonymous_3)","decl":{"start":{"line":56,"column":2},"end":{"line":56,"column":3}},"loc":{"start":{"line":56,"column":24},"end":{"line":62,"column":3}},"line":56},"4":{"name":"(anonymous_4)","decl":{"start":{"line":69,"column":2},"end":{"line":69,"column":3}},"loc":{"start":{"line":69,"column":23},"end":{"line":75,"column":3}},"line":69},"5":{"name":"(anonymous_5)","decl":{"start":{"line":82,"column":2},"end":{"line":82,"column":3}},"loc":{"start":{"line":82,"column":24},"end":{"line":103,"column":3}},"line":82},"6":{"name":"(anonymous_6)","decl":{"start":{"line":109,"column":2},"end":{"line":109,"column":3}},"loc":{"start":{"line":109,"column":21},"end":{"line":115,"column":3}},"line":109},"7":{"name":"(anonymous_7)","decl":{"start":{"line":122,"column":2},"end":{"line":122,"column":3}},"loc":{"start":{"line":122,"column":22},"end":{"line":142,"column":3}},"line":122}},"branchMap":{"0":{"loc":{"start":{"line":29,"column":4},"end":{"line":31,"column":5}},"type":"if","locations":[{"start":{"line":29,"column":4},"end":{"line":31,"column":5}},{"start":{"line":29,"column":4},"end":{"line":31,"column":5}}],"line":29},"1":{"loc":{"start":{"line":43,"column":4},"end":{"line":47,"column":5}},"type":"if","locations":[{"start":{"line":43,"column":4},"end":{"line":47,"column":5}},{"start":{"line":43,"column":4},"end":{"line":47,"column":5}}],"line":43},"2":{"loc":{"start":{"line":44,"column":6},"end":{"line":46,"column":7}},"type":"if","locations":[{"start":{"line":44,"column":6},"end":{"line":46,"column":7}},{"start":{"line":44,"column":6},"end":{"line":46,"column":7}}],"line":44},"3":{"loc":{"start":{"line":57,"column":4},"end":{"line":61,"column":5}},"type":"if","locations":[{"start":{"line":57,"column":4},"end":{"line":61,"column":5}},{"start":{"line":57,"column":4},"end":{"line":61,"column":5}}],"line":57},"4":{"loc":{"start":{"line":58,"column":6},"end":{"line":60,"column":7}},"type":"if","locations":[{"start":{"line":58,"column":6},"end":{"line":60,"column":7}},{"start":{"line":58,"column":6},"end":{"line":60,"column":7}}],"line":58},"5":{"loc":{"start":{"line":70,"column":4},"end":{"line":74,"column":5}},"type":"if","locations":[{"start":{"line":70,"column":4},"end":{"line":74,"column":5}},{"start":{"line":70,"column":4},"end":{"line":74,"column":5}}],"line":70},"6":{"loc":{"start":{"line":71,"column":6},"end":{"line":73,"column":7}},"type":"if","locations":[{"start":{"line":71,"column":6},"end":{"line":73,"column":7}},{"start":{"line":71,"column":6},"end":{"line":73,"column":7}}],"line":71},"7":{"loc":{"start":{"line":85,"column":4},"end":{"line":102,"column":5}},"type":"if","locations":[{"start":{"line":85,"column":4},"end":{"line":102,"column":5}},{"start":{"line":85,"column":4},"end":{"line":102,"column":5}}],"line":85},"8":{"loc":{"start":{"line":93,"column":6},"end":{"line":95,"column":7}},"type":"if","locations":[{"start":{"line":93,"column":6},"end":{"line":95,"column":7}},{"start":{"line":93,"column":6},"end":{"line":95,"column":7}}],"line":93},"9":{"loc":{"start":{"line":97,"column":6},"end":{"line":101,"column":7}},"type":"if","locations":[{"start":{"line":97,"column":6},"end":{"line":101,"column":7}},{"start":{"line":97,"column":6},"end":{"line":101,"column":7}}],"line":97},"10":{"loc":{"start":{"line":98,"column":8},"end":{"line":100,"column":9}},"type":"if","locations":[{"start":{"line":98,"column":8},"end":{"line":100,"column":9}},{"start":{"line":98,"column":8},"end":{"line":100,"column":9}}],"line":98},"11":{"loc":{"start":{"line":110,"column":4},"end":{"line":114,"column":5}},"type":"if","locations":[{"start":{"line":110,"column":4},"end":{"line":114,"column":5}},{"start":{"line":110,"column":4},"end":{"line":114,"column":5}}],"line":110},"12":{"loc":{"start":{"line":111,"column":6},"end":{"line":113,"column":7}},"type":"if","locations":[{"start":{"line":111,"column":6},"end":{"line":113,"column":7}},{"start":{"line":111,"column":6},"end":{"line":113,"column":7}}],"line":111},"13":{"loc":{"start":{"line":125,"column":4},"end":{"line":141,"column":5}},"type":"if","locations":[{"start":{"line":125,"column":4},"end":{"line":141,"column":5}},{"start":{"line":125,"column":4},"end":{"line":141,"column":5}}],"line":125},"14":{"loc":{"start":{"line":132,"column":6},"end":{"line":134,"column":7}},"type":"if","locations":[{"start":{"line":132,"column":6},"end":{"line":134,"column":7}},{"start":{"line":132,"column":6},"end":{"line":134,"column":7}}],"line":132},"15":{"loc":{"start":{"line":136,"column":6},"end":{"line":140,"column":7}},"type":"if","locations":[{"start":{"line":136,"column":6},"end":{"line":140,"column":7}},{"start":{"line":136,"column":6},"end":{"line":140,"column":7}}],"line":136},"16":{"loc":{"start":{"line":137,"column":8},"end":{"line":139,"column":9}},"type":"if","locations":[{"start":{"line":137,"column":8},"end":{"line":139,"column":9}},{"start":{"line":137,"column":8},"end":{"line":139,"column":9}}],"line":137}},"s":{"0":0,"1":0,"2":0,"3":0,"4":0,"5":0,"6":0,"7":0,"8":0,"9":0,"10":0,"11":0,"12":0,"13":0,"14":0,"15":0,"16":0,"17":0,"18":0,"19":0,"20":0,"21":0,"22":0,"23":0,"24":0,"25":0,"26":0,"27":0,"28":0,"29":0,"30":0,"31":0,"32":0,"33":0,"34":0,"35":0,"36":0,"37":0,"38":0,"39":0,"40":0,"41":0,"42":0,"43":0,"44":0},"f":{"0":0,"1":0,"2":0,"3":0,"4":0,"5":0,"6":0,"7":0},"b":{"0":[0,0],"1":[0,0],"2":[0,0],"3":[0,0],"4":[0,0],"5":[0,0],"6":[0,0],"7":[0,0],"8":[0,0],"9":[0,0],"10":[0,0],"11":[0,0],"12":[0,0],"13":[0,0],"14":[0,0],"15":[0,0],"16":[0,0]},"_coverageSchema":"332fd63041d2c1bcb487cc26dd0d5f7d97098a6c","hash":"21a0a5164f6ad5308b6f051767d61a2893ad31dd"}
}
