<?xml version="1.0" encoding="UTF-8"?>
<coverage generated="1541692227007" clover="3.2.0">
  <project timestamp="1541692227007" name="All files">
    <metrics statements="110" coveredstatements="98" conditionals="40" coveredconditionals="26" methods="33" coveredmethods="30" elements="183" coveredelements="154" complexity="0" loc="110" ncloc="110" packages="9" files="22" classes="22">
      <package name="src">
        <metrics statements="9" coveredstatements="8" conditionals="2" coveredconditionals="1" methods="0" coveredmethods="0"/>
        <file name="store.js" path="/Users/kevinreynolds/Sites/udemy/jest-tdd/src/store.js">
          <metrics statements="9" coveredstatements="8" conditionals="2" coveredconditionals="1" methods="0" coveredmethods="0"/>
          <line num="7" count="7" type="stmt"/>
          <line num="9" count="7" type="stmt"/>
          <line num="11" count="7" type="stmt"/>
          <line num="12" count="7" type="stmt"/>
          <line num="13" count="7" type="stmt"/>
          <line num="15" count="7" type="stmt"/>
          <line num="17" count="7" type="cond" truecount="1" falsecount="1"/>
          <line num="18" count="0" type="stmt"/>
          <line num="21" count="7" type="stmt"/>
        </file>
      </package>
      <package name="src.actions">
        <metrics statements="13" coveredstatements="13" conditionals="2" coveredconditionals="2" methods="6" coveredmethods="6"/>
        <file name="guessedWords.js" path="/Users/kevinreynolds/Sites/udemy/jest-tdd/src/actions/guessedWords.js">
          <metrics statements="7" coveredstatements="7" conditionals="2" coveredconditionals="2" methods="2" coveredmethods="2"/>
          <line num="7" count="7" type="stmt"/>
          <line num="8" count="4" type="stmt"/>
          <line num="9" count="4" type="stmt"/>
          <line num="11" count="4" type="stmt"/>
          <line num="13" count="4" type="stmt"/>
          <line num="21" count="4" type="cond" truecount="2" falsecount="0"/>
          <line num="22" count="2" type="stmt"/>
        </file>
        <file name="secretWord.js" path="/Users/kevinreynolds/Sites/udemy/jest-tdd/src/actions/secretWord.js">
          <metrics statements="4" coveredstatements="4" conditionals="0" coveredconditionals="0" methods="3" coveredmethods="3"/>
          <line num="9" count="3" type="stmt"/>
          <line num="10" count="1" type="stmt"/>
          <line num="11" count="1" type="stmt"/>
          <line num="12" count="1" type="stmt"/>
        </file>
        <file name="success.js" path="/Users/kevinreynolds/Sites/udemy/jest-tdd/src/actions/success.js">
          <metrics statements="2" coveredstatements="2" conditionals="0" coveredconditionals="0" methods="1" coveredmethods="1"/>
          <line num="5" count="1" type="stmt"/>
          <line num="6" count="1" type="stmt"/>
        </file>
      </package>
      <package name="src.components">
        <metrics statements="28" coveredstatements="28" conditionals="12" coveredconditionals="11" methods="14" coveredmethods="14"/>
        <file name="Congrats.js" path="/Users/kevinreynolds/Sites/udemy/jest-tdd/src/components/Congrats.js">
          <metrics statements="4" coveredstatements="4" conditionals="2" coveredconditionals="2" methods="1" coveredmethods="1"/>
          <line num="4" count="3" type="stmt"/>
          <line num="5" count="3" type="stmt"/>
          <line num="16" count="3" type="stmt"/>
          <line num="20" count="3" type="stmt"/>
        </file>
        <file name="Counter.js" path="/Users/kevinreynolds/Sites/udemy/jest-tdd/src/components/Counter.js">
          <metrics statements="4" coveredstatements="4" conditionals="0" coveredconditionals="0" methods="3" coveredmethods="3"/>
          <line num="6" count="5" type="stmt"/>
          <line num="8" count="5" type="stmt"/>
          <line num="14" count="7" type="stmt"/>
          <line num="19" count="1" type="stmt"/>
        </file>
        <file name="GuessedWords.js" path="/Users/kevinreynolds/Sites/udemy/jest-tdd/src/components/GuessedWords.js">
          <metrics statements="5" coveredstatements="5" conditionals="4" coveredconditionals="4" methods="2" coveredmethods="2"/>
          <line num="4" count="3" type="stmt"/>
          <line num="5" count="6" type="stmt"/>
          <line num="23" count="12" type="stmt"/>
          <line num="38" count="3" type="stmt"/>
          <line num="47" count="3" type="stmt"/>
        </file>
        <file name="Home.js" path="/Users/kevinreynolds/Sites/udemy/jest-tdd/src/components/Home.js">
          <metrics statements="4" coveredstatements="4" conditionals="0" coveredconditionals="0" methods="3" coveredmethods="3"/>
          <line num="14" count="1" type="stmt"/>
          <line num="18" count="6" type="stmt"/>
          <line num="33" count="2" type="stmt"/>
          <line num="40" count="5" type="stmt"/>
        </file>
        <file name="Input.js" path="/Users/kevinreynolds/Sites/udemy/jest-tdd/src/components/Input.js">
          <metrics statements="11" coveredstatements="11" conditionals="6" coveredconditionals="5" methods="5" coveredmethods="5"/>
          <line num="8" count="11" type="stmt"/>
          <line num="10" count="11" type="stmt"/>
          <line num="14" count="3" type="stmt"/>
          <line num="16" count="3" type="stmt"/>
          <line num="18" count="3" type="cond" truecount="3" falsecount="1"/>
          <line num="19" count="3" type="stmt"/>
          <line num="20" count="3" type="stmt"/>
          <line num="25" count="11" type="stmt"/>
          <line num="27" count="11" type="stmt"/>
          <line num="40" count="3" type="stmt"/>
          <line num="49" count="8" type="stmt"/>
        </file>
      </package>
      <package name="src.config">
        <metrics statements="4" coveredstatements="4" conditionals="0" coveredconditionals="0" methods="0" coveredmethods="0"/>
        <file name="constants.js" path="/Users/kevinreynolds/Sites/udemy/jest-tdd/src/config/constants.js">
          <metrics statements="4" coveredstatements="4" conditionals="0" coveredconditionals="0" methods="0" coveredmethods="0"/>
          <line num="1" count="9" type="stmt"/>
          <line num="3" count="9" type="stmt"/>
          <line num="4" count="9" type="stmt"/>
          <line num="5" count="9" type="stmt"/>
        </file>
      </package>
      <package name="src.containers">
        <metrics statements="2" coveredstatements="2" conditionals="0" coveredconditionals="0" methods="1" coveredmethods="1"/>
        <file name="App.js" path="/Users/kevinreynolds/Sites/udemy/jest-tdd/src/containers/App.js">
          <metrics statements="2" coveredstatements="2" conditionals="0" coveredconditionals="0" methods="1" coveredmethods="1"/>
          <line num="9" count="1" type="stmt"/>
          <line num="10" count="1" type="stmt"/>
        </file>
      </package>
      <package name="src.functions">
        <metrics statements="4" coveredstatements="4" conditionals="0" coveredconditionals="0" methods="2" coveredmethods="2"/>
        <file name="index.js" path="/Users/kevinreynolds/Sites/udemy/jest-tdd/src/functions/index.js">
          <metrics statements="4" coveredstatements="4" conditionals="0" coveredconditionals="0" methods="2" coveredmethods="2"/>
          <line num="1" count="8" type="stmt"/>
          <line num="2" count="7" type="stmt"/>
          <line num="3" count="7" type="stmt"/>
          <line num="5" count="35" type="stmt"/>
        </file>
      </package>
      <package name="src.reducers">
        <metrics statements="39" coveredstatements="28" conditionals="24" coveredconditionals="12" methods="7" coveredmethods="4"/>
        <file name="error.js" path="/Users/kevinreynolds/Sites/udemy/jest-tdd/src/reducers/error.js">
          <metrics statements="4" coveredstatements="2" conditionals="2" coveredconditionals="0" methods="1" coveredmethods="0"/>
          <line num="6" count="7" type="stmt"/>
          <line num="10" count="7" type="cond" truecount="0" falsecount="1"/>
          <line num="11" count="0" type="cond" truecount="0" falsecount="1"/>
          <line num="21" count="0" type="stmt"/>
        </file>
        <file name="guessedWords.js" path="/Users/kevinreynolds/Sites/udemy/jest-tdd/src/reducers/guessedWords.js">
          <metrics statements="5" coveredstatements="5" conditionals="4" coveredconditionals="3" methods="1" coveredmethods="1"/>
          <line num="4" count="7" type="stmt"/>
          <line num="6" count="7" type="cond" truecount="1" falsecount="1"/>
          <line num="7" count="46" type="cond" truecount="2" falsecount="0"/>
          <line num="10" count="4" type="stmt"/>
          <line num="16" count="42" type="stmt"/>
        </file>
        <file name="index.js" path="/Users/kevinreynolds/Sites/udemy/jest-tdd/src/reducers/index.js">
          <metrics statements="0" coveredstatements="0" conditionals="0" coveredconditionals="0" methods="0" coveredmethods="0"/>
        </file>
        <file name="loader.js" path="/Users/kevinreynolds/Sites/udemy/jest-tdd/src/reducers/loader.js">
          <metrics statements="4" coveredstatements="2" conditionals="2" coveredconditionals="0" methods="1" coveredmethods="0"/>
          <line num="7" count="7" type="stmt"/>
          <line num="11" count="7" type="cond" truecount="0" falsecount="1"/>
          <line num="12" count="0" type="cond" truecount="0" falsecount="1"/>
          <line num="24" count="0" type="stmt"/>
        </file>
        <file name="secretWord.js" path="/Users/kevinreynolds/Sites/udemy/jest-tdd/src/reducers/secretWord.js">
          <metrics statements="4" coveredstatements="4" conditionals="4" coveredconditionals="3" methods="1" coveredmethods="1"/>
          <line num="5" count="7" type="cond" truecount="1" falsecount="1"/>
          <line num="6" count="46" type="cond" truecount="2" falsecount="0"/>
          <line num="8" count="1" type="stmt"/>
          <line num="11" count="45" type="stmt"/>
        </file>
        <file name="success.js" path="/Users/kevinreynolds/Sites/udemy/jest-tdd/src/reducers/success.js">
          <metrics statements="5" coveredstatements="5" conditionals="4" coveredconditionals="4" methods="1" coveredmethods="1"/>
          <line num="3" count="8" type="stmt"/>
          <line num="5" count="8" type="cond" truecount="2" falsecount="0"/>
          <line num="6" count="48" type="cond" truecount="2" falsecount="0"/>
          <line num="8" count="3" type="stmt"/>
          <line num="11" count="45" type="stmt"/>
        </file>
        <file name="ui.js" path="/Users/kevinreynolds/Sites/udemy/jest-tdd/src/reducers/ui.js">
          <metrics statements="17" coveredstatements="10" conditionals="8" coveredconditionals="2" methods="2" coveredmethods="1"/>
          <line num="6" count="7" type="stmt"/>
          <line num="8" count="7" type="cond" truecount="1" falsecount="1"/>
          <line num="9" count="7" type="stmt"/>
          <line num="13" count="7" type="cond" truecount="1" falsecount="1"/>
          <line num="15" count="0" type="stmt"/>
          <line num="16" count="0" type="stmt"/>
          <line num="19" count="7" type="stmt"/>
          <line num="20" count="7" type="stmt"/>
          <line num="23" count="7" type="stmt"/>
          <line num="26" count="7" type="stmt"/>
          <line num="28" count="7" type="stmt"/>
          <line num="34" count="7" type="cond" truecount="0" falsecount="1"/>
          <line num="35" count="0" type="cond" truecount="0" falsecount="3"/>
          <line num="39" count="0" type="stmt"/>
          <line num="43" count="0" type="stmt"/>
          <line num="45" count="0" type="stmt"/>
          <line num="53" count="0" type="stmt"/>
        </file>
      </package>
      <package name="src.tests">
        <metrics statements="10" coveredstatements="10" conditionals="0" coveredconditionals="0" methods="3" coveredmethods="3"/>
        <file name="setupTests.js" path="/Users/kevinreynolds/Sites/udemy/jest-tdd/src/tests/setupTests.js">
          <metrics statements="2" coveredstatements="2" conditionals="0" coveredconditionals="0" methods="0" coveredmethods="0"/>
          <line num="1" count="11" type="stmt"/>
          <line num="7" count="11" type="stmt"/>
        </file>
        <file name="test-utils.js" path="/Users/kevinreynolds/Sites/udemy/jest-tdd/src/tests/test-utils.js">
          <metrics statements="8" coveredstatements="8" conditionals="0" coveredconditionals="0" methods="3" coveredmethods="3"/>
          <line num="7" count="7" type="stmt"/>
          <line num="8" count="18" type="stmt"/>
          <line num="9" count="18" type="stmt"/>
          <line num="18" count="7" type="stmt"/>
          <line num="19" count="19" type="stmt"/>
          <line num="22" count="7" type="stmt"/>
          <line num="23" count="2" type="stmt"/>
          <line num="30" count="2" type="stmt"/>
        </file>
      </package>
      <package name="src.tests.mocks">
        <metrics statements="1" coveredstatements="1" conditionals="0" coveredconditionals="0" methods="0" coveredmethods="0"/>
        <file name="styleMock.js" path="/Users/kevinreynolds/Sites/udemy/jest-tdd/src/tests/mocks/styleMock.js">
          <metrics statements="1" coveredstatements="1" conditionals="0" coveredconditionals="0" methods="0" coveredmethods="0"/>
          <line num="1" count="1" type="stmt"/>
        </file>
      </package>
    </metrics>
  </project>
</coverage>
