{"/Users/kevinreynolds/Sites/udemy/jest-tdd/src/store.js": {"path":"/Users/kevinreynolds/Sites/udemy/jest-tdd/src/store.js","statementMap":{"0":{"start":{"line":7,"column":23},"end":{"line":7,"column":45}},"1":{"start":{"line":9,"column":31},"end":{"line":9,"column":66}},"2":{"start":{"line":11,"column":21},"end":{"line":11,"column":23}},"3":{"start":{"line":12,"column":18},"end":{"line":12,"column":20}},"4":{"start":{"line":13,"column":26},"end":{"line":13,"column":60}},"5":{"start":{"line":15,"column":26},"end":{"line":15,"column":61}},"6":{"start":{"line":17,"column":0},"end":{"line":19,"column":1}},"7":{"start":{"line":18,"column":2},"end":{"line":18,"column":38}},"8":{"start":{"line":21,"column":26},"end":{"line":21,"column":79}}},"fnMap":{},"branchMap":{"0":{"loc":{"start":{"line":17,"column":0},"end":{"line":19,"column":1}},"type":"if","locations":[{"start":{"line":17,"column":0},"end":{"line":19,"column":1}},{"start":{"line":17,"column":0},"end":{"line":19,"column":1}}],"line":17}},"s":{"0":7,"1":7,"2":7,"3":7,"4":7,"5":7,"6":7,"7":0,"8":7},"f":{},"b":{"0":[0,7]},"_coverageSchema":"332fd63041d2c1bcb487cc26dd0d5f7d97098a6c","hash":"8f95fe2c9afd8edb0f817409363a7da049dad353"}
,"/Users/kevinreynolds/Sites/udemy/jest-tdd/src/actions/guessedWords.js": {"path":"/Users/kevinreynolds/Sites/udemy/jest-tdd/src/actions/guessedWords.js","statementMap":{"0":{"start":{"line":7,"column":25},"end":{"line":27,"column":1}},"1":{"start":{"line":8,"column":2},"end":{"line":26,"column":4}},"2":{"start":{"line":9,"column":23},"end":{"line":9,"column":44}},"3":{"start":{"line":11,"column":29},"end":{"line":11,"column":73}},"4":{"start":{"line":13,"column":4},"end":{"line":19,"column":7}},"5":{"start":{"line":21,"column":4},"end":{"line":25,"column":5}},"6":{"start":{"line":22,"column":6},"end":{"line":24,"column":8}}},"fnMap":{"0":{"name":"(anonymous_0)","decl":{"start":{"line":7,"column":25},"end":{"line":7,"column":26}},"loc":{"start":{"line":7,"column":42},"end":{"line":27,"column":1}},"line":7},"1":{"name":"(anonymous_1)","decl":{"start":{"line":8,"column":9},"end":{"line":8,"column":10}},"loc":{"start":{"line":8,"column":38},"end":{"line":26,"column":3}},"line":8}},"branchMap":{"0":{"loc":{"start":{"line":21,"column":4},"end":{"line":25,"column":5}},"type":"if","locations":[{"start":{"line":21,"column":4},"end":{"line":25,"column":5}},{"start":{"line":21,"column":4},"end":{"line":25,"column":5}}],"line":21}},"s":{"0":7,"1":4,"2":4,"3":4,"4":4,"5":4,"6":2},"f":{"0":4,"1":4},"b":{"0":[2,2]},"_coverageSchema":"332fd63041d2c1bcb487cc26dd0d5f7d97098a6c","hash":"0c6eedcbf6a1ed14d7ef079008aee10ad5dd900d"}
,"/Users/kevinreynolds/Sites/udemy/jest-tdd/src/actions/secretWord.js": {"path":"/Users/kevinreynolds/Sites/udemy/jest-tdd/src/actions/secretWord.js","statementMap":{"0":{"start":{"line":9,"column":29},"end":{"line":18,"column":1}},"1":{"start":{"line":10,"column":2},"end":{"line":17,"column":4}},"2":{"start":{"line":11,"column":4},"end":{"line":16,"column":7}},"3":{"start":{"line":12,"column":6},"end":{"line":15,"column":9}}},"fnMap":{"0":{"name":"(anonymous_0)","decl":{"start":{"line":9,"column":29},"end":{"line":9,"column":30}},"loc":{"start":{"line":9,"column":35},"end":{"line":18,"column":1}},"line":9},"1":{"name":"(anonymous_1)","decl":{"start":{"line":10,"column":9},"end":{"line":10,"column":10}},"loc":{"start":{"line":10,"column":23},"end":{"line":17,"column":3}},"line":10},"2":{"name":"(anonymous_2)","decl":{"start":{"line":11,"column":51},"end":{"line":11,"column":52}},"loc":{"start":{"line":11,"column":65},"end":{"line":16,"column":5}},"line":11}},"branchMap":{},"s":{"0":3,"1":1,"2":1,"3":1},"f":{"0":1,"1":1,"2":1},"b":{},"_coverageSchema":"332fd63041d2c1bcb487cc26dd0d5f7d97098a6c","hash":"e25178d3281c29508602af749fb4a529d85ca656"}
,"/Users/kevinreynolds/Sites/udemy/jest-tdd/src/actions/success.js": {"path":"/Users/kevinreynolds/Sites/udemy/jest-tdd/src/actions/success.js","statementMap":{"0":{"start":{"line":5,"column":28},"end":{"line":7,"column":1}},"1":{"start":{"line":6,"column":2},"end":{"line":6,"column":33}}},"fnMap":{"0":{"name":"(anonymous_0)","decl":{"start":{"line":5,"column":28},"end":{"line":5,"column":29}},"loc":{"start":{"line":5,"column":34},"end":{"line":7,"column":1}},"line":5}},"branchMap":{},"s":{"0":1,"1":1},"f":{"0":1},"b":{},"_coverageSchema":"332fd63041d2c1bcb487cc26dd0d5f7d97098a6c","hash":"6f1601302b0fba2af4bdc86786328515220d1a65"}
,"/Users/kevinreynolds/Sites/udemy/jest-tdd/src/components/Congrats.js": {"path":"/Users/kevinreynolds/Sites/udemy/jest-tdd/src/components/Congrats.js","statementMap":{"0":{"start":{"line":4,"column":17},"end":{"line":14,"column":1}},"1":{"start":{"line":5,"column":1},"end":{"line":13,"column":3}},"2":{"start":{"line":16,"column":0},"end":{"line":18,"column":1}},"3":{"start":{"line":20,"column":0},"end":{"line":22,"column":1}}},"fnMap":{"0":{"name":"(anonymous_0)","decl":{"start":{"line":4,"column":17},"end":{"line":4,"column":18}},"loc":{"start":{"line":4,"column":28},"end":{"line":14,"column":1}},"line":4}},"branchMap":{"0":{"loc":{"start":{"line":7,"column":8},"end":{"line":10,"column":14}},"type":"binary-expr","locations":[{"start":{"line":7,"column":8},"end":{"line":7,"column":21}},{"start":{"line":8,"column":8},"end":{"line":10,"column":14}}],"line":7}},"s":{"0":3,"1":3,"2":3,"3":3},"f":{"0":3},"b":{"0":[3,1]},"_coverageSchema":"332fd63041d2c1bcb487cc26dd0d5f7d97098a6c","hash":"878b7d4375b9082bd6f97c4c7fdcce43a91bbe93"}
,"/Users/kevinreynolds/Sites/udemy/jest-tdd/src/components/Counter.js": {"path":"/Users/kevinreynolds/Sites/udemy/jest-tdd/src/components/Counter.js","statementMap":{"0":{"start":{"line":6,"column":4},"end":{"line":6,"column":17}},"1":{"start":{"line":8,"column":4},"end":{"line":10,"column":6}},"2":{"start":{"line":14,"column":3},"end":{"line":22,"column":5}},"3":{"start":{"line":19,"column":25},"end":{"line":19,"column":71}}},"fnMap":{"0":{"name":"(anonymous_0)","decl":{"start":{"line":5,"column":2},"end":{"line":5,"column":3}},"loc":{"start":{"line":5,"column":21},"end":{"line":11,"column":3}},"line":5},"1":{"name":"(anonymous_1)","decl":{"start":{"line":13,"column":2},"end":{"line":13,"column":3}},"loc":{"start":{"line":13,"column":11},"end":{"line":23,"column":3}},"line":13},"2":{"name":"(anonymous_2)","decl":{"start":{"line":19,"column":19},"end":{"line":19,"column":20}},"loc":{"start":{"line":19,"column":25},"end":{"line":19,"column":71}},"line":19}},"branchMap":{},"s":{"0":5,"1":5,"2":7,"3":1},"f":{"0":5,"1":7,"2":1},"b":{},"_coverageSchema":"332fd63041d2c1bcb487cc26dd0d5f7d97098a6c","hash":"11430a23c6209f0f9446a1fd0483f39e9b109f2b"}
,"/Users/kevinreynolds/Sites/udemy/jest-tdd/src/components/GuessedWords.js": {"path":"/Users/kevinreynolds/Sites/udemy/jest-tdd/src/components/GuessedWords.js","statementMap":{"0":{"start":{"line":4,"column":21},"end":{"line":36,"column":1}},"1":{"start":{"line":5,"column":1},"end":{"line":35,"column":3}},"2":{"start":{"line":23,"column":12},"end":{"line":28,"column":13}},"3":{"start":{"line":38,"column":0},"end":{"line":45,"column":1}},"4":{"start":{"line":47,"column":0},"end":{"line":49,"column":1}}},"fnMap":{"0":{"name":"(anonymous_0)","decl":{"start":{"line":4,"column":21},"end":{"line":4,"column":22}},"loc":{"start":{"line":4,"column":32},"end":{"line":36,"column":1}},"line":4},"1":{"name":"(anonymous_1)","decl":{"start":{"line":22,"column":33},"end":{"line":22,"column":34}},"loc":{"start":{"line":22,"column":50},"end":{"line":29,"column":11}},"line":22}},"branchMap":{"0":{"loc":{"start":{"line":7,"column":7},"end":{"line":10,"column":14}},"type":"binary-expr","locations":[{"start":{"line":7,"column":7},"end":{"line":7,"column":38}},{"start":{"line":8,"column":8},"end":{"line":10,"column":14}}],"line":7},"1":{"loc":{"start":{"line":13,"column":7},"end":{"line":32,"column":14}},"type":"binary-expr","locations":[{"start":{"line":13,"column":7},"end":{"line":13,"column":36}},{"start":{"line":14,"column":8},"end":{"line":32,"column":14}}],"line":13}},"s":{"0":3,"1":6,"2":12,"3":3,"4":3},"f":{"0":6,"1":12},"b":{"0":[6,2],"1":[6,4]},"_coverageSchema":"332fd63041d2c1bcb487cc26dd0d5f7d97098a6c","hash":"bd75bfad0c2cd072ab6ae9030f478901938a563e"}
,"/Users/kevinreynolds/Sites/udemy/jest-tdd/src/components/Home.js": {"path":"/Users/kevinreynolds/Sites/udemy/jest-tdd/src/components/Home.js","statementMap":{"0":{"start":{"line":14,"column":4},"end":{"line":14,"column":31}},"1":{"start":{"line":18,"column":3},"end":{"line":29,"column":5}},"2":{"start":{"line":33,"column":0},"end":{"line":38,"column":2}},"3":{"start":{"line":40,"column":24},"end":{"line":44,"column":2}},"4":{"start":{"line":40,"column":36},"end":{"line":44,"column":1}}},"fnMap":{"0":{"name":"(anonymous_0)","decl":{"start":{"line":13,"column":2},"end":{"line":13,"column":3}},"loc":{"start":{"line":13,"column":22},"end":{"line":15,"column":3}},"line":13},"1":{"name":"(anonymous_1)","decl":{"start":{"line":17,"column":2},"end":{"line":17,"column":3}},"loc":{"start":{"line":17,"column":11},"end":{"line":30,"column":3}},"line":17},"2":{"name":"(anonymous_2)","decl":{"start":{"line":40,"column":24},"end":{"line":40,"column":25}},"loc":{"start":{"line":40,"column":36},"end":{"line":44,"column":1}},"line":40}},"branchMap":{},"s":{"0":1,"1":6,"2":2,"3":2,"4":5},"f":{"0":1,"1":6,"2":5},"b":{},"_coverageSchema":"332fd63041d2c1bcb487cc26dd0d5f7d97098a6c","hash":"45e52afec5165021552831d71f3c7cc97b6f6af7"}
,"/Users/kevinreynolds/Sites/udemy/jest-tdd/src/components/Input.js": {"path":"/Users/kevinreynolds/Sites/udemy/jest-tdd/src/components/Input.js","statementMap":{"0":{"start":{"line":8,"column":4},"end":{"line":8,"column":17}},"1":{"start":{"line":10,"column":4},"end":{"line":10,"column":38}},"2":{"start":{"line":14,"column":4},"end":{"line":14,"column":25}},"3":{"start":{"line":16,"column":24},"end":{"line":16,"column":51}},"4":{"start":{"line":18,"column":4},"end":{"line":21,"column":5}},"5":{"start":{"line":19,"column":6},"end":{"line":19,"column":40}},"6":{"start":{"line":20,"column":6},"end":{"line":20,"column":39}},"7":{"start":{"line":25,"column":24},"end":{"line":25,"column":34}},"8":{"start":{"line":27,"column":4},"end":{"line":45,"column":5}},"9":{"start":{"line":40,"column":28},"end":{"line":40,"column":53}},"10":{"start":{"line":49,"column":24},"end":{"line":51,"column":2}},"11":{"start":{"line":49,"column":43},"end":{"line":51,"column":1}}},"fnMap":{"0":{"name":"(anonymous_0)","decl":{"start":{"line":7,"column":2},"end":{"line":7,"column":3}},"loc":{"start":{"line":7,"column":21},"end":{"line":11,"column":3}},"line":7},"1":{"name":"(anonymous_1)","decl":{"start":{"line":13,"column":22},"end":{"line":13,"column":23}},"loc":{"start":{"line":13,"column":31},"end":{"line":22,"column":3}},"line":13},"2":{"name":"(anonymous_2)","decl":{"start":{"line":24,"column":2},"end":{"line":24,"column":3}},"loc":{"start":{"line":24,"column":11},"end":{"line":46,"column":3}},"line":24},"3":{"name":"(anonymous_3)","decl":{"start":{"line":40,"column":21},"end":{"line":40,"column":22}},"loc":{"start":{"line":40,"column":28},"end":{"line":40,"column":53}},"line":40},"4":{"name":"(anonymous_4)","decl":{"start":{"line":49,"column":24},"end":{"line":49,"column":25}},"loc":{"start":{"line":49,"column":43},"end":{"line":51,"column":1}},"line":49}},"branchMap":{"0":{"loc":{"start":{"line":18,"column":4},"end":{"line":21,"column":5}},"type":"if","locations":[{"start":{"line":18,"column":4},"end":{"line":21,"column":5}},{"start":{"line":18,"column":4},"end":{"line":21,"column":5}}],"line":18},"1":{"loc":{"start":{"line":18,"column":7},"end":{"line":18,"column":44}},"type":"binary-expr","locations":[{"start":{"line":18,"column":7},"end":{"line":18,"column":18}},{"start":{"line":18,"column":22},"end":{"line":18,"column":44}}],"line":18},"2":{"loc":{"start":{"line":29,"column":9},"end":{"line":42,"column":17}},"type":"binary-expr","locations":[{"start":{"line":29,"column":9},"end":{"line":29,"column":17}},{"start":{"line":30,"column":10},"end":{"line":42,"column":17}}],"line":29}},"s":{"0":11,"1":11,"2":3,"3":3,"4":3,"5":3,"6":3,"7":11,"8":11,"9":3,"10":3,"11":8},"f":{"0":11,"1":3,"2":11,"3":3,"4":8},"b":{"0":[3,0],"1":[3,3],"2":[11,7]},"_coverageSchema":"332fd63041d2c1bcb487cc26dd0d5f7d97098a6c","hash":"897856a89449cfe760b4cbd27a82664db45e8217"}
,"/Users/kevinreynolds/Sites/udemy/jest-tdd/src/config/constants.js": {"path":"/Users/kevinreynolds/Sites/udemy/jest-tdd/src/config/constants.js","statementMap":{"0":{"start":{"line":1,"column":32},"end":{"line":1,"column":50}},"1":{"start":{"line":3,"column":31},"end":{"line":3,"column":48}},"2":{"start":{"line":4,"column":29},"end":{"line":4,"column":44}},"3":{"start":{"line":5,"column":26},"end":{"line":5,"column":38}}},"fnMap":{},"branchMap":{},"s":{"0":9,"1":9,"2":9,"3":9},"f":{},"b":{},"_coverageSchema":"332fd63041d2c1bcb487cc26dd0d5f7d97098a6c","hash":"b122f0eeaa76d351a9e209bc2c6fc0d82cc19d1b"}
,"/Users/kevinreynolds/Sites/udemy/jest-tdd/src/containers/App.js": {"path":"/Users/kevinreynolds/Sites/udemy/jest-tdd/src/containers/App.js","statementMap":{"0":{"start":{"line":9,"column":12},"end":{"line":18,"column":1}},"1":{"start":{"line":10,"column":2},"end":{"line":17,"column":8}}},"fnMap":{"0":{"name":"(anonymous_0)","decl":{"start":{"line":9,"column":12},"end":{"line":9,"column":13}},"loc":{"start":{"line":10,"column":2},"end":{"line":17,"column":8}},"line":10}},"branchMap":{},"s":{"0":1,"1":1},"f":{"0":1},"b":{},"_coverageSchema":"332fd63041d2c1bcb487cc26dd0d5f7d97098a6c","hash":"88dde134448588e465f9544505b25984cb714079"}
,"/Users/kevinreynolds/Sites/udemy/jest-tdd/src/functions/index.js": {"path":"/Users/kevinreynolds/Sites/udemy/jest-tdd/src/functions/index.js","statementMap":{"0":{"start":{"line":1,"column":35},"end":{"line":6,"column":1}},"1":{"start":{"line":2,"column":26},"end":{"line":2,"column":55}},"2":{"start":{"line":3,"column":28},"end":{"line":3,"column":58}},"3":{"start":{"line":5,"column":2},"end":{"line":5,"column":85}},"4":{"start":{"line":5,"column":47},"end":{"line":5,"column":76}}},"fnMap":{"0":{"name":"(anonymous_0)","decl":{"start":{"line":1,"column":35},"end":{"line":1,"column":36}},"loc":{"start":{"line":1,"column":64},"end":{"line":6,"column":1}},"line":1},"1":{"name":"(anonymous_1)","decl":{"start":{"line":5,"column":37},"end":{"line":5,"column":38}},"loc":{"start":{"line":5,"column":47},"end":{"line":5,"column":76}},"line":5}},"branchMap":{},"s":{"0":8,"1":7,"2":7,"3":7,"4":35},"f":{"0":7,"1":35},"b":{},"_coverageSchema":"332fd63041d2c1bcb487cc26dd0d5f7d97098a6c","hash":"2e158b58f6edc47ac5b6687f2eeac1c78fe901f5"}
,"/Users/kevinreynolds/Sites/udemy/jest-tdd/src/reducers/error.js": {"path":"/Users/kevinreynolds/Sites/udemy/jest-tdd/src/reducers/error.js","statementMap":{"0":{"start":{"line":6,"column":21},"end":{"line":8,"column":1}},"1":{"start":{"line":10,"column":21},"end":{"line":23,"column":1}},"2":{"start":{"line":11,"column":2},"end":{"line":22,"column":3}},"3":{"start":{"line":21,"column":6},"end":{"line":21,"column":19}}},"fnMap":{"0":{"name":"(anonymous_0)","decl":{"start":{"line":10,"column":21},"end":{"line":10,"column":22}},"loc":{"start":{"line":10,"column":55},"end":{"line":23,"column":1}},"line":10}},"branchMap":{"0":{"loc":{"start":{"line":10,"column":22},"end":{"line":10,"column":42}},"type":"default-arg","locations":[{"start":{"line":10,"column":30},"end":{"line":10,"column":42}}],"line":10},"1":{"loc":{"start":{"line":11,"column":2},"end":{"line":22,"column":3}},"type":"switch","locations":[{"start":{"line":20,"column":4},"end":{"line":21,"column":19}}],"line":11}},"s":{"0":7,"1":7,"2":0,"3":0},"f":{"0":0},"b":{"0":[0],"1":[0]},"_coverageSchema":"332fd63041d2c1bcb487cc26dd0d5f7d97098a6c","hash":"4f2c8b150ac3d04d633b6f2adcd2d383397d20a1"}
,"/Users/kevinreynolds/Sites/udemy/jest-tdd/src/reducers/guessedWords.js": {"path":"/Users/kevinreynolds/Sites/udemy/jest-tdd/src/reducers/guessedWords.js","statementMap":{"0":{"start":{"line":4,"column":21},"end":{"line":4,"column":23}},"1":{"start":{"line":6,"column":28},"end":{"line":18,"column":1}},"2":{"start":{"line":7,"column":2},"end":{"line":17,"column":3}},"3":{"start":{"line":10,"column":6},"end":{"line":13,"column":8}},"4":{"start":{"line":16,"column":6},"end":{"line":16,"column":19}}},"fnMap":{"0":{"name":"(anonymous_0)","decl":{"start":{"line":6,"column":28},"end":{"line":6,"column":29}},"loc":{"start":{"line":6,"column":67},"end":{"line":18,"column":1}},"line":6}},"branchMap":{"0":{"loc":{"start":{"line":6,"column":29},"end":{"line":6,"column":49}},"type":"default-arg","locations":[{"start":{"line":6,"column":37},"end":{"line":6,"column":49}}],"line":6},"1":{"loc":{"start":{"line":6,"column":51},"end":{"line":6,"column":62}},"type":"default-arg","locations":[{"start":{"line":6,"column":60},"end":{"line":6,"column":62}}],"line":6},"2":{"loc":{"start":{"line":7,"column":2},"end":{"line":17,"column":3}},"type":"switch","locations":[{"start":{"line":8,"column":4},"end":{"line":13,"column":8}},{"start":{"line":15,"column":4},"end":{"line":16,"column":19}}],"line":7}},"s":{"0":7,"1":7,"2":46,"3":4,"4":42},"f":{"0":46},"b":{"0":[36],"1":[0],"2":[4,42]},"_coverageSchema":"332fd63041d2c1bcb487cc26dd0d5f7d97098a6c","hash":"0329524ad8c4afb008992c89f1496dcc9a8a35b2"}
,"/Users/kevinreynolds/Sites/udemy/jest-tdd/src/reducers/index.js": {"path":"/Users/kevinreynolds/Sites/udemy/jest-tdd/src/reducers/index.js","statementMap":{},"fnMap":{},"branchMap":{},"s":{},"f":{},"b":{},"_coverageSchema":"332fd63041d2c1bcb487cc26dd0d5f7d97098a6c","hash":"3c971374570593e00c73fdbe04fc7e5d062ede74"}
,"/Users/kevinreynolds/Sites/udemy/jest-tdd/src/reducers/loader.js": {"path":"/Users/kevinreynolds/Sites/udemy/jest-tdd/src/reducers/loader.js","statementMap":{"0":{"start":{"line":7,"column":21},"end":{"line":9,"column":1}},"1":{"start":{"line":11,"column":22},"end":{"line":26,"column":1}},"2":{"start":{"line":12,"column":2},"end":{"line":25,"column":3}},"3":{"start":{"line":24,"column":6},"end":{"line":24,"column":19}}},"fnMap":{"0":{"name":"(anonymous_0)","decl":{"start":{"line":11,"column":22},"end":{"line":11,"column":23}},"loc":{"start":{"line":11,"column":56},"end":{"line":26,"column":1}},"line":11}},"branchMap":{"0":{"loc":{"start":{"line":11,"column":23},"end":{"line":11,"column":43}},"type":"default-arg","locations":[{"start":{"line":11,"column":31},"end":{"line":11,"column":43}}],"line":11},"1":{"loc":{"start":{"line":12,"column":2},"end":{"line":25,"column":3}},"type":"switch","locations":[{"start":{"line":23,"column":4},"end":{"line":24,"column":19}}],"line":12}},"s":{"0":7,"1":7,"2":0,"3":0},"f":{"0":0},"b":{"0":[0],"1":[0]},"_coverageSchema":"332fd63041d2c1bcb487cc26dd0d5f7d97098a6c","hash":"30294cb2fb72f3d1e7c117b106dbf2f04d3c106e"}
,"/Users/kevinreynolds/Sites/udemy/jest-tdd/src/reducers/secretWord.js": {"path":"/Users/kevinreynolds/Sites/udemy/jest-tdd/src/reducers/secretWord.js","statementMap":{"0":{"start":{"line":5,"column":26},"end":{"line":13,"column":1}},"1":{"start":{"line":6,"column":2},"end":{"line":12,"column":3}},"2":{"start":{"line":8,"column":6},"end":{"line":8,"column":28}},"3":{"start":{"line":11,"column":6},"end":{"line":11,"column":19}}},"fnMap":{"0":{"name":"(anonymous_0)","decl":{"start":{"line":5,"column":26},"end":{"line":5,"column":27}},"loc":{"start":{"line":5,"column":60},"end":{"line":13,"column":1}},"line":5}},"branchMap":{"0":{"loc":{"start":{"line":5,"column":27},"end":{"line":5,"column":42}},"type":"default-arg","locations":[{"start":{"line":5,"column":35},"end":{"line":5,"column":42}}],"line":5},"1":{"loc":{"start":{"line":5,"column":44},"end":{"line":5,"column":55}},"type":"default-arg","locations":[{"start":{"line":5,"column":53},"end":{"line":5,"column":55}}],"line":5},"2":{"loc":{"start":{"line":6,"column":2},"end":{"line":12,"column":3}},"type":"switch","locations":[{"start":{"line":7,"column":4},"end":{"line":8,"column":28}},{"start":{"line":10,"column":4},"end":{"line":11,"column":19}}],"line":6}},"s":{"0":7,"1":46,"2":1,"3":45},"f":{"0":46},"b":{"0":[34],"1":[0],"2":[1,45]},"_coverageSchema":"332fd63041d2c1bcb487cc26dd0d5f7d97098a6c","hash":"9ae6c100ec12aec30f83072f109aff96f4b22695"}
,"/Users/kevinreynolds/Sites/udemy/jest-tdd/src/reducers/success.js": {"path":"/Users/kevinreynolds/Sites/udemy/jest-tdd/src/reducers/success.js","statementMap":{"0":{"start":{"line":3,"column":21},"end":{"line":3,"column":26}},"1":{"start":{"line":5,"column":23},"end":{"line":13,"column":1}},"2":{"start":{"line":6,"column":2},"end":{"line":12,"column":3}},"3":{"start":{"line":8,"column":6},"end":{"line":8,"column":18}},"4":{"start":{"line":11,"column":6},"end":{"line":11,"column":19}}},"fnMap":{"0":{"name":"(anonymous_0)","decl":{"start":{"line":5,"column":23},"end":{"line":5,"column":24}},"loc":{"start":{"line":5,"column":62},"end":{"line":13,"column":1}},"line":5}},"branchMap":{"0":{"loc":{"start":{"line":5,"column":24},"end":{"line":5,"column":44}},"type":"default-arg","locations":[{"start":{"line":5,"column":32},"end":{"line":5,"column":44}}],"line":5},"1":{"loc":{"start":{"line":5,"column":46},"end":{"line":5,"column":57}},"type":"default-arg","locations":[{"start":{"line":5,"column":55},"end":{"line":5,"column":57}}],"line":5},"2":{"loc":{"start":{"line":6,"column":2},"end":{"line":12,"column":3}},"type":"switch","locations":[{"start":{"line":7,"column":4},"end":{"line":8,"column":18}},{"start":{"line":10,"column":4},"end":{"line":11,"column":19}}],"line":6}},"s":{"0":8,"1":8,"2":48,"3":3,"4":45},"f":{"0":48},"b":{"0":[33],"1":[1],"2":[3,45]},"_coverageSchema":"332fd63041d2c1bcb487cc26dd0d5f7d97098a6c","hash":"8973e6d02b9f5bb5bfe072bbb3b6669d8f647c31"}
,"/Users/kevinreynolds/Sites/udemy/jest-tdd/src/reducers/ui.js": {"path":"/Users/kevinreynolds/Sites/udemy/jest-tdd/src/reducers/ui.js","statementMap":{"0":{"start":{"line":6,"column":14},"end":{"line":6,"column":44}},"1":{"start":{"line":8,"column":16},"end":{"line":8,"column":57}},"2":{"start":{"line":9,"column":17},"end":{"line":9,"column":35}},"3":{"start":{"line":13,"column":2},"end":{"line":21,"column":3}},"4":{"start":{"line":15,"column":6},"end":{"line":15,"column":28}},"5":{"start":{"line":16,"column":6},"end":{"line":16,"column":12}},"6":{"start":{"line":19,"column":6},"end":{"line":19,"column":29}},"7":{"start":{"line":20,"column":6},"end":{"line":20,"column":12}},"8":{"start":{"line":23,"column":2},"end":{"line":23,"column":39}},"9":{"start":{"line":26,"column":22},"end":{"line":26,"column":39}},"10":{"start":{"line":28,"column":21},"end":{"line":32,"column":1}},"11":{"start":{"line":34,"column":18},"end":{"line":55,"column":1}},"12":{"start":{"line":35,"column":2},"end":{"line":54,"column":3}},"13":{"start":{"line":39,"column":6},"end":{"line":39,"column":26}},"14":{"start":{"line":43,"column":20},"end":{"line":43,"column":37}},"15":{"start":{"line":45,"column":6},"end":{"line":49,"column":9}},"16":{"start":{"line":53,"column":6},"end":{"line":53,"column":19}}},"fnMap":{"0":{"name":"checkBreakPoint","decl":{"start":{"line":5,"column":9},"end":{"line":5,"column":24}},"loc":{"start":{"line":5,"column":27},"end":{"line":24,"column":1}},"line":5},"1":{"name":"(anonymous_1)","decl":{"start":{"line":34,"column":18},"end":{"line":34,"column":19}},"loc":{"start":{"line":34,"column":52},"end":{"line":55,"column":1}},"line":34}},"branchMap":{"0":{"loc":{"start":{"line":8,"column":16},"end":{"line":8,"column":57}},"type":"cond-expr","locations":[{"start":{"line":8,"column":22},"end":{"line":8,"column":37}},{"start":{"line":8,"column":40},"end":{"line":8,"column":57}}],"line":8},"1":{"loc":{"start":{"line":13,"column":2},"end":{"line":21,"column":3}},"type":"switch","locations":[{"start":{"line":14,"column":4},"end":{"line":16,"column":12}},{"start":{"line":18,"column":4},"end":{"line":20,"column":12}}],"line":13},"2":{"loc":{"start":{"line":34,"column":19},"end":{"line":34,"column":39}},"type":"default-arg","locations":[{"start":{"line":34,"column":27},"end":{"line":34,"column":39}}],"line":34},"3":{"loc":{"start":{"line":35,"column":2},"end":{"line":54,"column":3}},"type":"switch","locations":[{"start":{"line":38,"column":4},"end":{"line":39,"column":26}},{"start":{"line":41,"column":4},"end":{"line":50,"column":5}},{"start":{"line":52,"column":4},"end":{"line":53,"column":19}}],"line":35}},"s":{"0":7,"1":7,"2":7,"3":7,"4":0,"5":0,"6":7,"7":7,"8":7,"9":7,"10":7,"11":7,"12":0,"13":0,"14":0,"15":0,"16":0},"f":{"0":7,"1":0},"b":{"0":[0,7],"1":[0,7],"2":[0],"3":[0,0,0]},"_coverageSchema":"332fd63041d2c1bcb487cc26dd0d5f7d97098a6c","hash":"300a482112df08e4c19cef83fa55b878df48c037"}
,"/Users/kevinreynolds/Sites/udemy/jest-tdd/src/tests/setupTests.js": {"path":"/Users/kevinreynolds/Sites/udemy/jest-tdd/src/tests/setupTests.js","statementMap":{"0":{"start":{"line":1,"column":15},"end":{"line":1,"column":32}},"1":{"start":{"line":7,"column":0},"end":{"line":10,"column":3}}},"fnMap":{},"branchMap":{},"s":{"0":11,"1":11},"f":{},"b":{},"_coverageSchema":"332fd63041d2c1bcb487cc26dd0d5f7d97098a6c","hash":"42d7ee8e8a6ea36252c536223dfe8b93887f28b3"}
,"/Users/kevinreynolds/Sites/udemy/jest-tdd/src/tests/test-utils.js": {"path":"/Users/kevinreynolds/Sites/udemy/jest-tdd/src/tests/test-utils.js","statementMap":{"0":{"start":{"line":7,"column":28},"end":{"line":10,"column":1}},"1":{"start":{"line":8,"column":28},"end":{"line":8,"column":67}},"2":{"start":{"line":9,"column":2},"end":{"line":9,"column":67}},"3":{"start":{"line":18,"column":30},"end":{"line":20,"column":1}},"4":{"start":{"line":19,"column":2},"end":{"line":19,"column":46}},"5":{"start":{"line":22,"column":26},"end":{"line":31,"column":1}},"6":{"start":{"line":23,"column":20},"end":{"line":28,"column":3}},"7":{"start":{"line":30,"column":2},"end":{"line":30,"column":36}}},"fnMap":{"0":{"name":"(anonymous_0)","decl":{"start":{"line":7,"column":28},"end":{"line":7,"column":29}},"loc":{"start":{"line":7,"column":46},"end":{"line":10,"column":1}},"line":7},"1":{"name":"(anonymous_1)","decl":{"start":{"line":18,"column":30},"end":{"line":18,"column":31}},"loc":{"start":{"line":18,"column":48},"end":{"line":20,"column":1}},"line":18},"2":{"name":"(anonymous_2)","decl":{"start":{"line":22,"column":26},"end":{"line":22,"column":27}},"loc":{"start":{"line":22,"column":58},"end":{"line":31,"column":1}},"line":22}},"branchMap":{},"s":{"0":7,"1":18,"2":18,"3":7,"4":19,"5":7,"6":2,"7":2},"f":{"0":18,"1":19,"2":2},"b":{},"_coverageSchema":"332fd63041d2c1bcb487cc26dd0d5f7d97098a6c","hash":"acdef237ffb4c62a94bb80ab050cc60e83c287c5"}
,"/Users/kevinreynolds/Sites/udemy/jest-tdd/src/tests/mocks/styleMock.js": {"path":"/Users/kevinreynolds/Sites/udemy/jest-tdd/src/tests/mocks/styleMock.js","statementMap":{"0":{"start":{"line":1,"column":0},"end":{"line":1,"column":20}}},"fnMap":{},"branchMap":{},"s":{"0":1},"f":{},"b":{},"_coverageSchema":"332fd63041d2c1bcb487cc26dd0d5f7d97098a6c","hash":"f493204552c7c0b2f344b5d80b8529eaca6ece3e"}
}
