TN:
SF:/Users/kevinreynolds/Sites/udemy/jest-tdd/src/store.js
FNF:0
FNH:0
DA:7,7
DA:9,7
DA:11,7
DA:12,7
DA:13,7
DA:15,7
DA:17,7
DA:18,0
DA:21,7
LF:9
LH:8
BRDA:17,0,0,0
BRDA:17,0,1,7
BRF:2
BRH:1
end_of_record
TN:
SF:/Users/kevinreynolds/Sites/udemy/jest-tdd/src/actions/guessedWords.js
FN:7,(anonymous_0)
FN:8,(anonymous_1)
FNF:2
FNH:2
FNDA:4,(anonymous_0)
FNDA:4,(anonymous_1)
DA:7,7
DA:8,4
DA:9,4
DA:11,4
DA:13,4
DA:21,4
DA:22,2
LF:7
LH:7
BRDA:21,0,0,2
BRDA:21,0,1,2
BRF:2
BRH:2
end_of_record
TN:
SF:/Users/kevinreynolds/Sites/udemy/jest-tdd/src/actions/secretWord.js
FN:9,(anonymous_0)
FN:10,(anonymous_1)
FN:11,(anonymous_2)
FNF:3
FNH:3
FNDA:1,(anonymous_0)
FNDA:1,(anonymous_1)
FNDA:1,(anonymous_2)
DA:9,3
DA:10,1
DA:11,1
DA:12,1
LF:4
LH:4
BRF:0
BRH:0
end_of_record
TN:
SF:/Users/kevinreynolds/Sites/udemy/jest-tdd/src/actions/success.js
FN:5,(anonymous_0)
FNF:1
FNH:1
FNDA:1,(anonymous_0)
DA:5,1
DA:6,1
LF:2
LH:2
BRF:0
BRH:0
end_of_record
TN:
SF:/Users/kevinreynolds/Sites/udemy/jest-tdd/src/components/Congrats.js
FN:4,(anonymous_0)
FNF:1
FNH:1
FNDA:3,(anonymous_0)
DA:4,3
DA:5,3
DA:16,3
DA:20,3
LF:4
LH:4
BRDA:7,0,0,3
BRDA:7,0,1,1
BRF:2
BRH:2
end_of_record
TN:
SF:/Users/kevinreynolds/Sites/udemy/jest-tdd/src/components/Counter.js
FN:5,(anonymous_0)
FN:13,(anonymous_1)
FN:19,(anonymous_2)
FNF:3
FNH:3
FNDA:5,(anonymous_0)
FNDA:7,(anonymous_1)
FNDA:1,(anonymous_2)
DA:6,5
DA:8,5
DA:14,7
DA:19,1
LF:4
LH:4
BRF:0
BRH:0
end_of_record
TN:
SF:/Users/kevinreynolds/Sites/udemy/jest-tdd/src/components/GuessedWords.js
FN:4,(anonymous_0)
FN:22,(anonymous_1)
FNF:2
FNH:2
FNDA:6,(anonymous_0)
FNDA:12,(anonymous_1)
DA:4,3
DA:5,6
DA:23,12
DA:38,3
DA:47,3
LF:5
LH:5
BRDA:7,0,0,6
BRDA:7,0,1,2
BRDA:13,1,0,6
BRDA:13,1,1,4
BRF:4
BRH:4
end_of_record
TN:
SF:/Users/kevinreynolds/Sites/udemy/jest-tdd/src/components/Home.js
FN:13,(anonymous_0)
FN:17,(anonymous_1)
FN:40,(anonymous_2)
FNF:3
FNH:3
FNDA:1,(anonymous_0)
FNDA:6,(anonymous_1)
FNDA:5,(anonymous_2)
DA:14,1
DA:18,6
DA:33,2
DA:40,5
LF:4
LH:4
BRF:0
BRH:0
end_of_record
TN:
SF:/Users/kevinreynolds/Sites/udemy/jest-tdd/src/components/Input.js
FN:7,(anonymous_0)
FN:13,(anonymous_1)
FN:24,(anonymous_2)
FN:40,(anonymous_3)
FN:49,(anonymous_4)
FNF:5
FNH:5
FNDA:11,(anonymous_0)
FNDA:3,(anonymous_1)
FNDA:11,(anonymous_2)
FNDA:3,(anonymous_3)
FNDA:8,(anonymous_4)
DA:8,11
DA:10,11
DA:14,3
DA:16,3
DA:18,3
DA:19,3
DA:20,3
DA:25,11
DA:27,11
DA:40,3
DA:49,8
LF:11
LH:11
BRDA:18,0,0,3
BRDA:18,0,1,0
BRDA:18,1,0,3
BRDA:18,1,1,3
BRDA:29,2,0,11
BRDA:29,2,1,7
BRF:6
BRH:5
end_of_record
TN:
SF:/Users/kevinreynolds/Sites/udemy/jest-tdd/src/config/constants.js
FNF:0
FNH:0
DA:1,9
DA:3,9
DA:4,9
DA:5,9
LF:4
LH:4
BRF:0
BRH:0
end_of_record
TN:
SF:/Users/kevinreynolds/Sites/udemy/jest-tdd/src/containers/App.js
FN:9,(anonymous_0)
FNF:1
FNH:1
FNDA:1,(anonymous_0)
DA:9,1
DA:10,1
LF:2
LH:2
BRF:0
BRH:0
end_of_record
TN:
SF:/Users/kevinreynolds/Sites/udemy/jest-tdd/src/functions/index.js
FN:1,(anonymous_0)
FN:5,(anonymous_1)
FNF:2
FNH:2
FNDA:7,(anonymous_0)
FNDA:35,(anonymous_1)
DA:1,8
DA:2,7
DA:3,7
DA:5,35
LF:4
LH:4
BRF:0
BRH:0
end_of_record
TN:
SF:/Users/kevinreynolds/Sites/udemy/jest-tdd/src/reducers/error.js
FN:10,(anonymous_0)
FNF:1
FNH:0
FNDA:0,(anonymous_0)
DA:6,7
DA:10,7
DA:11,0
DA:21,0
LF:4
LH:2
BRDA:10,0,0,0
BRDA:11,1,0,0
BRF:2
BRH:0
end_of_record
TN:
SF:/Users/kevinreynolds/Sites/udemy/jest-tdd/src/reducers/guessedWords.js
FN:6,(anonymous_0)
FNF:1
FNH:1
FNDA:46,(anonymous_0)
DA:4,7
DA:6,7
DA:7,46
DA:10,4
DA:16,42
LF:5
LH:5
BRDA:6,0,0,36
BRDA:6,1,0,0
BRDA:7,2,0,4
BRDA:7,2,1,42
BRF:4
BRH:3
end_of_record
TN:
SF:/Users/kevinreynolds/Sites/udemy/jest-tdd/src/reducers/index.js
FNF:0
FNH:0
LF:0
LH:0
BRF:0
BRH:0
end_of_record
TN:
SF:/Users/kevinreynolds/Sites/udemy/jest-tdd/src/reducers/loader.js
FN:11,(anonymous_0)
FNF:1
FNH:0
FNDA:0,(anonymous_0)
DA:7,7
DA:11,7
DA:12,0
DA:24,0
LF:4
LH:2
BRDA:11,0,0,0
BRDA:12,1,0,0
BRF:2
BRH:0
end_of_record
TN:
SF:/Users/kevinreynolds/Sites/udemy/jest-tdd/src/reducers/secretWord.js
FN:5,(anonymous_0)
FNF:1
FNH:1
FNDA:46,(anonymous_0)
DA:5,7
DA:6,46
DA:8,1
DA:11,45
LF:4
LH:4
BRDA:5,0,0,34
BRDA:5,1,0,0
BRDA:6,2,0,1
BRDA:6,2,1,45
BRF:4
BRH:3
end_of_record
TN:
SF:/Users/kevinreynolds/Sites/udemy/jest-tdd/src/reducers/success.js
FN:5,(anonymous_0)
FNF:1
FNH:1
FNDA:48,(anonymous_0)
DA:3,8
DA:5,8
DA:6,48
DA:8,3
DA:11,45
LF:5
LH:5
BRDA:5,0,0,33
BRDA:5,1,0,1
BRDA:6,2,0,3
BRDA:6,2,1,45
BRF:4
BRH:4
end_of_record
TN:
SF:/Users/kevinreynolds/Sites/udemy/jest-tdd/src/reducers/ui.js
FN:5,checkBreakPoint
FN:34,(anonymous_1)
FNF:2
FNH:1
FNDA:7,checkBreakPoint
FNDA:0,(anonymous_1)
DA:6,7
DA:8,7
DA:9,7
DA:13,7
DA:15,0
DA:16,0
DA:19,7
DA:20,7
DA:23,7
DA:26,7
DA:28,7
DA:34,7
DA:35,0
DA:39,0
DA:43,0
DA:45,0
DA:53,0
LF:17
LH:10
BRDA:8,0,0,0
BRDA:8,0,1,7
BRDA:13,1,0,0
BRDA:13,1,1,7
BRDA:34,2,0,0
BRDA:35,3,0,0
BRDA:35,3,1,0
BRDA:35,3,2,0
BRF:8
BRH:2
end_of_record
TN:
SF:/Users/kevinreynolds/Sites/udemy/jest-tdd/src/tests/setupTests.js
FNF:0
FNH:0
DA:1,11
DA:7,11
LF:2
LH:2
BRF:0
BRH:0
end_of_record
TN:
SF:/Users/kevinreynolds/Sites/udemy/jest-tdd/src/tests/test-utils.js
FN:7,(anonymous_0)
FN:18,(anonymous_1)
FN:22,(anonymous_2)
FNF:3
FNH:3
FNDA:18,(anonymous_0)
FNDA:19,(anonymous_1)
FNDA:2,(anonymous_2)
DA:7,7
DA:8,18
DA:9,18
DA:18,7
DA:19,19
DA:22,7
DA:23,2
DA:30,2
LF:8
LH:8
BRF:0
BRH:0
end_of_record
TN:
SF:/Users/kevinreynolds/Sites/udemy/jest-tdd/src/tests/mocks/styleMock.js
FNF:0
FNH:0
DA:1,1
LF:1
LH:1
BRF:0
BRH:0
end_of_record
